TN:
SF:src\index.css
FNF:0
FNH:0
LF:0
LH:0
BRF:0
BRH:0
end_of_record
TN:
SF:src\app\App.tsx
FN:8,(anonymous_0)
FN:9,(anonymous_1)
FN:11,(anonymous_2)
FNF:3
FNH:3
FNDA:1,(anonymous_0)
FNDA:3,(anonymous_1)
FNDA:1,(anonymous_2)
DA:8,1
DA:9,3
DA:11,1
DA:12,1
DA:15,1
LF:5
LH:5
BRF:0
BRH:0
end_of_record
TN:
SF:src\app\ProtectedRoute.tsx
FN:8,(anonymous_0)
FNF:1
FNH:1
FNDA:1,(anonymous_0)
DA:8,1
DA:9,1
DA:12,1
DA:13,0
DA:17,1
DA:18,1
DA:22,0
LF:7
LH:5
BRDA:8,0,0,1
BRDA:12,1,0,0
BRDA:12,1,1,1
BRDA:17,2,0,1
BRDA:17,2,1,0
BRF:5
BRH:3
end_of_record
TN:
SF:src\app\providers.tsx
FN:15,(anonymous_0)
FNF:1
FNH:1
FNDA:1,(anonymous_0)
DA:13,1
DA:15,1
DA:17,1
LF:3
LH:3
BRF:0
BRH:0
end_of_record
TN:
SF:src\app\router.tsx
FN:26,(anonymous_0)
FNF:1
FNH:1
FNDA:1,(anonymous_0)
DA:26,1
DA:27,1
LF:2
LH:2
BRF:0
BRH:0
end_of_record
TN:
SF:src\app\pages\admin\page.tsx
FN:19,(anonymous_0)
FN:25,(anonymous_1)
FN:26,(anonymous_2)
FN:33,(anonymous_3)
FN:36,(anonymous_4)
FN:69,(anonymous_5)
FN:88,(anonymous_6)
FN:185,(anonymous_7)
FNF:8
FNH:0
FNDA:0,(anonymous_0)
FNDA:0,(anonymous_1)
FNDA:0,(anonymous_2)
FNDA:0,(anonymous_3)
FNDA:0,(anonymous_4)
FNDA:0,(anonymous_5)
FNDA:0,(anonymous_6)
FNDA:0,(anonymous_7)
DA:19,1
DA:20,0
DA:21,0
DA:22,0
DA:23,0
DA:25,0
DA:26,0
DA:27,0
DA:28,0
DA:29,0
DA:30,0
DA:32,0
DA:33,0
DA:34,0
DA:35,0
DA:36,0
DA:39,0
DA:42,0
DA:48,0
DA:54,0
DA:58,0
DA:61,0
DA:62,0
DA:69,0
DA:88,0
DA:98,0
DA:185,0
LF:27
LH:1
BRDA:36,0,0,0
BRDA:36,0,1,0
BRDA:61,1,0,0
BRDA:61,1,1,0
BRDA:181,2,0,0
BRDA:181,2,1,0
BRF:6
BRH:0
end_of_record
TN:
SF:src\app\pages\admin\projects\page.tsx
FN:19,(anonymous_0)
FN:23,(anonymous_1)
FN:24,(anonymous_2)
FN:43,(anonymous_3)
FN:47,(anonymous_4)
FN:75,(anonymous_5)
FN:133,(anonymous_6)
FN:157,(anonymous_7)
FNF:8
FNH:0
FNDA:0,(anonymous_0)
FNDA:0,(anonymous_1)
FNDA:0,(anonymous_2)
FNDA:0,(anonymous_3)
FNDA:0,(anonymous_4)
FNDA:0,(anonymous_5)
FNDA:0,(anonymous_6)
FNDA:0,(anonymous_7)
DA:19,1
DA:20,0
DA:21,0
DA:23,0
DA:24,0
DA:25,0
DA:26,0
DA:27,0
DA:28,0
DA:30,0
DA:31,0
DA:37,0
DA:40,0
DA:43,0
DA:44,0
DA:45,0
DA:46,0
DA:47,0
DA:48,0
DA:53,0
DA:62,0
DA:63,0
DA:75,0
DA:90,0
DA:133,0
DA:157,0
LF:26
LH:1
BRDA:44,0,0,0
BRDA:44,0,1,0
BRDA:62,1,0,0
BRDA:62,1,1,0
BRDA:126,2,0,0
BRDA:126,2,1,0
BRDA:140,3,0,0
BRDA:140,3,1,0
BRDA:142,4,0,0
BRDA:142,4,1,0
BRDA:146,5,0,0
BRDA:146,5,1,0
BRF:12
BRH:0
end_of_record
TN:
SF:src\app\pages\admin\users\page.tsx
FN:14,(anonymous_0)
FN:18,(anonymous_1)
FN:19,(anonymous_2)
FN:38,(anonymous_3)
FN:55,(anonymous_4)
FN:87,(anonymous_5)
FN:144,(anonymous_6)
FN:154,(anonymous_7)
FN:197,(anonymous_8)
FN:204,(anonymous_9)
FNF:10
FNH:0
FNDA:0,(anonymous_0)
FNDA:0,(anonymous_1)
FNDA:0,(anonymous_2)
FNDA:0,(anonymous_3)
FNDA:0,(anonymous_4)
FNDA:0,(anonymous_5)
FNDA:0,(anonymous_6)
FNDA:0,(anonymous_7)
FNDA:0,(anonymous_8)
FNDA:0,(anonymous_9)
DA:14,1
DA:15,0
DA:16,0
DA:18,0
DA:19,0
DA:20,0
DA:21,0
DA:22,0
DA:23,0
DA:25,0
DA:26,0
DA:32,0
DA:35,0
DA:38,0
DA:39,0
DA:40,0
DA:41,0
DA:42,0
DA:47,0
DA:55,0
DA:56,0
DA:57,0
DA:58,0
DA:59,0
DA:60,0
DA:65,0
DA:74,0
DA:75,0
DA:87,0
DA:102,0
DA:144,0
DA:155,0
DA:156,0
DA:157,0
DA:158,0
DA:163,0
DA:197,0
DA:204,0
LF:38
LH:1
BRDA:44,0,0,0
BRDA:44,0,1,0
BRDA:56,1,0,0
BRDA:56,1,1,0
BRDA:74,2,0,0
BRDA:74,2,1,0
BRDA:137,3,0,0
BRDA:137,3,1,0
BRDA:183,4,0,0
BRDA:183,4,1,0
BRDA:184,5,0,0
BRDA:184,5,1,0
BRDA:199,6,0,0
BRDA:199,6,1,0
BRF:14
BRH:0
end_of_record
TN:
SF:src\app\pages\admin\users\[id]\page.tsx
FN:25,(anonymous_0)
FN:31,(anonymous_1)
FN:32,(anonymous_2)
FN:51,(anonymous_3)
FN:55,(anonymous_4)
FN:69,(anonymous_5)
FN:73,(anonymous_6)
FN:89,(anonymous_7)
FNF:8
FNH:0
FNDA:0,(anonymous_0)
FNDA:0,(anonymous_1)
FNDA:0,(anonymous_2)
FNDA:0,(anonymous_3)
FNDA:0,(anonymous_4)
FNDA:0,(anonymous_5)
FNDA:0,(anonymous_6)
FNDA:0,(anonymous_7)
DA:25,1
DA:26,0
DA:27,0
DA:28,0
DA:29,0
DA:31,0
DA:32,0
DA:33,0
DA:34,0
DA:35,0
DA:36,0
DA:37,0
DA:39,0
DA:45,0
DA:48,0
DA:51,0
DA:52,0
DA:53,0
DA:54,0
DA:55,0
DA:56,0
DA:61,0
DA:69,0
DA:70,0
DA:71,0
DA:72,0
DA:73,0
DA:74,0
DA:76,0
DA:81,0
DA:89,0
DA:90,0
DA:93,0
DA:94,0
DA:110,0
DA:111,0
DA:118,0
LF:37
LH:1
BRDA:33,0,0,0
BRDA:33,0,1,0
BRDA:52,1,0,0
BRDA:52,1,1,0
BRDA:55,2,0,0
BRDA:55,2,1,0
BRDA:70,3,0,0
BRDA:70,3,1,0
BRDA:74,4,0,0
BRDA:74,4,1,0
BRDA:78,5,0,0
BRDA:78,5,1,0
BRDA:90,6,0,0
BRDA:90,6,1,0
BRDA:90,7,0,0
BRDA:90,7,1,0
BRDA:93,8,0,0
BRDA:93,8,1,0
BRDA:110,9,0,0
BRDA:110,9,1,0
BRDA:149,10,0,0
BRDA:149,10,1,0
BRDA:150,11,0,0
BRDA:150,11,1,0
BRDA:170,12,0,0
BRDA:170,12,1,0
BRDA:171,13,0,0
BRDA:171,13,1,0
BRDA:175,14,0,0
BRDA:175,14,1,0
BRDA:179,15,0,0
BRDA:179,15,1,0
BRF:32
BRH:0
end_of_record
TN:
SF:src\app\pages\auth\forgot-password\page.tsx
FN:13,ForgotPasswordPage
FN:21,(anonymous_1)
FN:49,(anonymous_2)
FN:111,(anonymous_3)
FNF:4
FNH:0
FNDA:0,ForgotPasswordPage
FNDA:0,(anonymous_1)
FNDA:0,(anonymous_2)
FNDA:0,(anonymous_3)
DA:14,0
DA:15,0
DA:16,0
DA:17,0
DA:18,0
DA:19,0
DA:21,0
DA:22,0
DA:23,0
DA:26,0
DA:27,0
DA:28,0
DA:29,0
DA:30,0
DA:35,0
DA:38,0
DA:39,0
DA:40,0
DA:42,0
DA:43,0
DA:49,0
DA:50,0
DA:54,0
DA:56,0
DA:57,0
DA:63,0
DA:67,0
DA:112,0
DA:113,0
LF:29
LH:0
BRDA:27,0,0,0
BRDA:27,0,1,0
BRDA:28,1,0,0
BRDA:28,1,1,0
BRDA:54,2,0,0
BRDA:54,2,1,0
BRDA:88,3,0,0
BRDA:88,3,1,0
BRDA:94,4,0,0
BRDA:94,4,1,0
BRDA:116,5,0,0
BRDA:116,5,1,0
BRDA:117,6,0,0
BRDA:117,6,1,0
BRDA:125,7,0,0
BRDA:125,7,1,0
BRDA:125,7,2,0
BRDA:127,8,0,0
BRDA:127,8,1,0
BRF:19
BRH:0
end_of_record
TN:
SF:src\app\pages\auth\login\page.tsx
FN:13,LoginPage
FN:24,(anonymous_1)
FN:26,(anonymous_2)
FN:32,(anonymous_3)
FN:41,(anonymous_4)
FN:50,(anonymous_5)
FNF:6
FNH:1
FNDA:1,LoginPage
FNDA:0,(anonymous_1)
FNDA:0,(anonymous_2)
FNDA:0,(anonymous_3)
FNDA:0,(anonymous_4)
FNDA:0,(anonymous_5)
DA:14,1
DA:15,1
DA:16,1
DA:17,1
DA:21,1
DA:22,1
DA:24,1
DA:25,0
DA:26,0
DA:31,0
DA:32,0
DA:37,0
DA:38,0
DA:41,1
DA:42,0
DA:43,0
DA:44,0
DA:47,0
DA:48,0
DA:49,0
DA:50,0
DA:51,0
DA:52,0
DA:54,0
DA:55,0
DA:60,0
DA:63,0
DA:64,0
DA:65,0
DA:70,0
DA:71,0
DA:72,0
DA:74,0
DA:78,0
DA:79,0
DA:80,0
DA:88,1
LF:37
LH:9
BRDA:31,0,0,0
BRDA:31,0,1,0
BRDA:48,1,0,0
BRDA:48,1,1,0
BRDA:71,2,0,0
BRDA:71,2,1,0
BRDA:78,3,0,0
BRDA:78,3,1,0
BRDA:78,3,2,0
BRDA:109,4,0,1
BRDA:109,4,1,0
BRDA:129,5,0,0
BRDA:129,5,1,1
BRDA:133,6,0,1
BRDA:133,6,1,0
BRDA:159,7,0,0
BRDA:159,7,1,1
BRDA:163,8,0,1
BRDA:163,8,1,0
BRDA:171,9,0,1
BRDA:171,9,1,1
BRDA:171,9,2,0
BRDA:173,10,0,0
BRDA:173,10,1,1
BRF:24
BRH:8
end_of_record
TN:
SF:src\app\pages\auth\register\page.tsx
FN:20,RegisterPage
FN:34,(anonymous_1)
FN:36,(anonymous_2)
FN:41,(anonymous_3)
FN:50,(anonymous_4)
FN:51,(anonymous_5)
FN:56,(anonymous_6)
FN:63,(anonymous_7)
FN:72,(anonymous_8)
FN:92,(anonymous_9)
FNF:10
FNH:0
FNDA:0,RegisterPage
FNDA:0,(anonymous_1)
FNDA:0,(anonymous_2)
FNDA:0,(anonymous_3)
FNDA:0,(anonymous_4)
FNDA:0,(anonymous_5)
FNDA:0,(anonymous_6)
FNDA:0,(anonymous_7)
FNDA:0,(anonymous_8)
FNDA:0,(anonymous_9)
DA:21,0
DA:22,0
DA:23,0
DA:24,0
DA:31,0
DA:32,0
DA:34,0
DA:35,0
DA:36,0
DA:40,0
DA:41,0
DA:46,0
DA:47,0
DA:50,0
DA:51,0
DA:55,0
DA:56,0
DA:63,0
DA:64,0
DA:65,0
DA:66,0
DA:69,0
DA:70,0
DA:71,0
DA:72,0
DA:73,0
DA:74,0
DA:76,0
DA:77,0
DA:82,0
DA:85,0
DA:86,0
DA:87,0
DA:92,0
DA:93,0
DA:99,0
DA:101,0
DA:102,0
DA:110,0
LF:39
LH:0
BRDA:40,0,0,0
BRDA:40,0,1,0
BRDA:55,1,0,0
BRDA:55,1,1,0
BRDA:70,2,0,0
BRDA:70,2,1,0
BRDA:99,3,0,0
BRDA:99,3,1,0
BRDA:131,4,0,0
BRDA:131,4,1,0
BRDA:152,5,0,0
BRDA:152,5,1,0
BRDA:156,6,0,0
BRDA:156,6,1,0
BRDA:174,7,0,0
BRDA:174,7,1,0
BRDA:178,8,0,0
BRDA:178,8,1,0
BRDA:197,9,0,0
BRDA:197,9,1,0
BRDA:201,10,0,0
BRDA:201,10,1,0
BRDA:219,11,0,0
BRDA:219,11,1,0
BRDA:223,12,0,0
BRDA:223,12,1,0
BRDA:234,13,0,0
BRDA:234,13,1,0
BRDA:245,14,0,0
BRDA:245,14,1,0
BRDA:255,15,0,0
BRDA:255,15,1,0
BRF:32
BRH:0
end_of_record
TN:
SF:src\app\pages\auth\reset-password\page.tsx
FN:13,ResetPasswordPage
FN:28,(anonymous_1)
FN:30,(anonymous_2)
FN:35,(anonymous_3)
FN:43,(anonymous_4)
FN:63,(anonymous_5)
FN:87,(anonymous_6)
FNF:7
FNH:0
FNDA:0,ResetPasswordPage
FNDA:0,(anonymous_1)
FNDA:0,(anonymous_2)
FNDA:0,(anonymous_3)
FNDA:0,(anonymous_4)
FNDA:0,(anonymous_5)
FNDA:0,(anonymous_6)
DA:14,0
DA:15,0
DA:16,0
DA:17,0
DA:19,0
DA:23,0
DA:24,0
DA:25,0
DA:26,0
DA:28,0
DA:29,0
DA:30,0
DA:34,0
DA:35,0
DA:40,0
DA:43,0
DA:44,0
DA:45,0
DA:46,0
DA:48,0
DA:49,0
DA:50,0
DA:51,0
DA:56,0
DA:60,0
DA:61,0
DA:62,0
DA:63,0
DA:64,0
DA:65,0
DA:67,0
DA:68,0
DA:73,0
DA:76,0
DA:77,0
DA:78,0
DA:80,0
DA:81,0
DA:87,0
DA:88,0
DA:92,0
DA:94,0
DA:95,0
DA:101,0
DA:105,0
DA:106,0
DA:127,0
LF:47
LH:0
BRDA:34,0,0,0
BRDA:34,0,1,0
BRDA:48,1,0,0
BRDA:48,1,1,0
BRDA:61,2,0,0
BRDA:61,2,1,0
BRDA:92,3,0,0
BRDA:92,3,1,0
BRDA:105,4,0,0
BRDA:105,4,1,0
BRDA:148,5,0,0
BRDA:148,5,1,0
BRDA:154,6,0,0
BRDA:154,6,1,0
BRDA:174,7,0,0
BRDA:174,7,1,0
BRDA:176,8,0,0
BRDA:176,8,1,0
BRDA:180,9,0,0
BRDA:180,9,1,0
BRDA:196,10,0,0
BRDA:196,10,1,0
BRDA:198,11,0,0
BRDA:198,11,1,0
BRDA:202,12,0,0
BRDA:202,12,1,0
BRDA:210,13,0,0
BRDA:210,13,1,0
BRDA:212,14,0,0
BRDA:212,14,1,0
BRF:30
BRH:0
end_of_record
TN:
SF:src\app\pages\profile\page.tsx
FN:13,ProfilePage
FN:32,(anonymous_1)
FN:48,(anonymous_2)
FN:49,(anonymous_3)
FN:55,(anonymous_4)
FN:85,(anonymous_5)
FN:94,(anonymous_6)
FN:95,(anonymous_7)
FN:101,(anonymous_8)
FN:141,(anonymous_9)
FN:150,(anonymous_10)
FN:180,(anonymous_11)
FN:217,(anonymous_12)
FN:233,(anonymous_13)
FN:290,(anonymous_14)
FN:328,(anonymous_15)
FN:342,(anonymous_16)
FN:353,(anonymous_17)
FNF:18
FNH:0
FNDA:0,ProfilePage
FNDA:0,(anonymous_1)
FNDA:0,(anonymous_2)
FNDA:0,(anonymous_3)
FNDA:0,(anonymous_4)
FNDA:0,(anonymous_5)
FNDA:0,(anonymous_6)
FNDA:0,(anonymous_7)
FNDA:0,(anonymous_8)
FNDA:0,(anonymous_9)
FNDA:0,(anonymous_10)
FNDA:0,(anonymous_11)
FNDA:0,(anonymous_12)
FNDA:0,(anonymous_13)
FNDA:0,(anonymous_14)
FNDA:0,(anonymous_15)
FNDA:0,(anonymous_16)
FNDA:0,(anonymous_17)
DA:14,0
DA:15,0
DA:17,0
DA:18,0
DA:19,0
DA:20,0
DA:21,0
DA:26,0
DA:32,0
DA:33,0
DA:34,0
DA:42,0
DA:43,0
DA:48,0
DA:49,0
DA:55,0
DA:56,0
DA:57,0
DA:59,0
DA:64,0
DA:67,0
DA:68,0
DA:71,0
DA:73,0
DA:74,0
DA:76,0
DA:81,0
DA:85,0
DA:86,0
DA:91,0
DA:94,0
DA:95,0
DA:101,0
DA:102,0
DA:103,0
DA:104,0
DA:107,0
DA:108,0
DA:109,0
DA:112,0
DA:113,0
DA:114,0
DA:117,0
DA:118,0
DA:120,0
DA:122,0
DA:125,0
DA:130,0
DA:132,0
DA:137,0
DA:141,0
DA:142,0
DA:147,0
DA:150,0
DA:151,0
DA:152,0
DA:153,0
DA:154,0
DA:155,0
DA:156,0
DA:160,0
DA:180,0
DA:217,0
DA:233,0
DA:290,0
DA:328,0
DA:342,0
DA:353,0
LF:68
LH:0
BRDA:33,0,0,0
BRDA:33,0,1,0
BRDA:35,1,0,0
BRDA:35,1,1,0
BRDA:36,2,0,0
BRDA:36,2,1,0
BRDA:42,3,0,0
BRDA:42,3,1,0
BRDA:42,4,0,0
BRDA:42,4,1,0
BRDA:60,5,0,0
BRDA:60,5,1,0
BRDA:61,6,0,0
BRDA:61,6,1,0
BRDA:87,7,0,0
BRDA:87,7,1,0
BRDA:88,8,0,0
BRDA:88,8,1,0
BRDA:102,9,0,0
BRDA:102,9,1,0
BRDA:102,10,0,0
BRDA:102,10,1,0
BRDA:102,10,2,0
BRDA:107,11,0,0
BRDA:107,11,1,0
BRDA:112,12,0,0
BRDA:112,12,1,0
BRDA:151,13,0,0
BRDA:151,13,1,0
BRDA:151,13,2,0
BRDA:151,13,3,0
BRDA:151,13,4,0
BRDA:179,14,0,0
BRDA:179,14,1,0
BRDA:196,15,0,0
BRDA:196,15,1,0
BRDA:213,16,0,0
BRDA:213,16,1,0
BRDA:222,17,0,0
BRDA:222,17,1,0
BRDA:229,18,0,0
BRDA:229,18,1,0
BRDA:238,19,0,0
BRDA:238,19,1,0
BRDA:265,20,0,0
BRDA:265,20,1,0
BRDA:268,21,0,0
BRDA:268,21,1,0
BRDA:269,22,0,0
BRDA:269,22,1,0
BRDA:289,23,0,0
BRDA:289,23,1,0
BRDA:306,24,0,0
BRDA:306,24,1,0
BRDA:320,25,0,0
BRDA:320,25,1,0
BRF:56
BRH:0
end_of_record
TN:
SF:src\app\pages\projects\page.tsx
FN:66,ProjectsPage
FN:91,(anonymous_1)
FN:109,(anonymous_2)
FN:113,(anonymous_3)
FN:117,(anonymous_4)
FN:124,(anonymous_5)
FN:130,(anonymous_6)
FN:144,(anonymous_7)
FN:179,(anonymous_8)
FN:184,(anonymous_9)
FN:206,(anonymous_10)
FN:236,(anonymous_11)
FN:258,(anonymous_12)
FN:279,(anonymous_13)
FN:298,(anonymous_14)
FN:334,(anonymous_15)
FN:362,(anonymous_16)
FN:368,(anonymous_17)
FN:384,(anonymous_18)
FN:392,(anonymous_19)
FN:405,(anonymous_20)
FN:434,(anonymous_21)
FN:440,(anonymous_22)
FN:451,(anonymous_23)
FNF:24
FNH:0
FNDA:0,ProjectsPage
FNDA:0,(anonymous_1)
FNDA:0,(anonymous_2)
FNDA:0,(anonymous_3)
FNDA:0,(anonymous_4)
FNDA:0,(anonymous_5)
FNDA:0,(anonymous_6)
FNDA:0,(anonymous_7)
FNDA:0,(anonymous_8)
FNDA:0,(anonymous_9)
FNDA:0,(anonymous_10)
FNDA:0,(anonymous_11)
FNDA:0,(anonymous_12)
FNDA:0,(anonymous_13)
FNDA:0,(anonymous_14)
FNDA:0,(anonymous_15)
FNDA:0,(anonymous_16)
FNDA:0,(anonymous_17)
FNDA:0,(anonymous_18)
FNDA:0,(anonymous_19)
FNDA:0,(anonymous_20)
FNDA:0,(anonymous_21)
FNDA:0,(anonymous_22)
FNDA:0,(anonymous_23)
DA:55,1
DA:67,0
DA:68,0
DA:69,0
DA:70,0
DA:71,0
DA:72,0
DA:73,0
DA:74,0
DA:75,0
DA:76,0
DA:77,0
DA:78,0
DA:80,0
DA:91,0
DA:92,0
DA:93,0
DA:100,0
DA:109,0
DA:110,0
DA:113,0
DA:114,0
DA:116,0
DA:117,0
DA:118,0
DA:123,0
DA:124,0
DA:127,0
DA:130,0
DA:131,0
DA:132,0
DA:133,0
DA:134,0
DA:135,0
DA:137,0
DA:138,0
DA:140,0
DA:144,0
DA:145,0
DA:146,0
DA:147,0
DA:149,0
DA:150,0
DA:157,0
DA:165,0
DA:167,0
DA:168,0
DA:169,0
DA:171,0
DA:172,0
DA:173,0
DA:175,0
DA:179,0
DA:180,0
DA:181,0
DA:184,0
DA:185,0
DA:187,0
DA:188,0
DA:189,0
DA:190,0
DA:192,0
DA:197,0
DA:207,0
DA:208,0
DA:236,0
DA:258,0
DA:279,0
DA:298,0
DA:335,0
DA:336,0
DA:362,0
DA:368,0
DA:384,0
DA:392,0
DA:405,0
DA:434,0
DA:440,0
DA:451,0
LF:79
LH:1
BRDA:92,0,0,0
BRDA:92,0,1,0
BRDA:95,1,0,0
BRDA:95,1,1,0
BRDA:96,2,0,0
BRDA:96,2,1,0
BRDA:97,3,0,0
BRDA:97,3,1,0
BRDA:116,4,0,0
BRDA:116,4,1,0
BRDA:118,5,0,0
BRDA:118,5,1,0
BRDA:123,6,0,0
BRDA:123,6,1,0
BRDA:137,7,0,0
BRDA:137,7,1,0
BRDA:149,8,0,0
BRDA:149,8,1,0
BRDA:152,9,0,0
BRDA:152,9,1,0
BRDA:153,10,0,0
BRDA:153,10,1,0
BRDA:154,11,0,0
BRDA:154,11,1,0
BRDA:159,12,0,0
BRDA:159,12,1,0
BRDA:160,13,0,0
BRDA:160,13,1,0
BRDA:161,14,0,0
BRDA:161,14,1,0
BRDA:171,15,0,0
BRDA:171,15,1,0
BRDA:171,16,0,0
BRDA:171,16,1,0
BRDA:173,17,0,0
BRDA:173,17,1,0
BRDA:185,18,0,0
BRDA:185,18,1,0
BRDA:208,19,0,0
BRDA:208,19,1,0
BRDA:219,20,0,0
BRDA:219,20,1,0
BRDA:221,21,0,0
BRDA:221,21,1,0
BRDA:225,22,0,0
BRDA:225,22,1,0
BRDA:267,23,0,0
BRDA:267,23,1,0
BRDA:287,24,0,0
BRDA:287,24,1,0
BRDA:306,25,0,0
BRDA:306,25,1,0
BRDA:321,26,0,0
BRDA:321,26,1,0
BRDA:324,27,0,0
BRDA:324,27,1,0
BRDA:327,28,0,0
BRDA:327,28,1,0
BRDA:348,29,0,0
BRDA:348,29,1,0
BRDA:354,30,0,0
BRDA:354,30,1,0
BRDA:382,31,0,0
BRDA:382,31,1,0
BRDA:390,32,0,0
BRDA:390,32,1,0
BRDA:403,33,0,0
BRDA:403,33,1,0
BRDA:404,34,0,0
BRDA:404,34,1,0
BRDA:422,35,0,0
BRDA:422,35,1,0
BRDA:425,36,0,0
BRDA:425,36,1,0
BRDA:425,37,0,0
BRDA:425,37,1,0
BRDA:427,38,0,0
BRDA:427,38,1,0
BRDA:427,39,0,0
BRDA:427,39,1,0
BRDA:433,40,0,0
BRDA:433,40,1,0
BRDA:433,40,2,0
BRDA:439,41,0,0
BRDA:439,41,1,0
BRF:85
BRH:0
end_of_record
TN:
SF:src\app\pages\projects\[id]\analytics\page.tsx
FN:32,AnalyticsPage
FN:42,(anonymous_1)
FN:45,(anonymous_2)
FN:81,(anonymous_3)
FN:127,(anonymous_4)
FN:135,(anonymous_5)
FN:138,(anonymous_6)
FN:145,(anonymous_7)
FN:148,(anonymous_8)
FN:149,(anonymous_9)
FN:296,(anonymous_10)
FN:363,(anonymous_11)
FN:368,(anonymous_12)
FN:395,(anonymous_13)
FN:400,(anonymous_14)
FN:445,(anonymous_15)
FN:465,(anonymous_16)
FN:554,(anonymous_17)
FN:600,(anonymous_18)
FNF:19
FNH:0
FNDA:0,AnalyticsPage
FNDA:0,(anonymous_1)
FNDA:0,(anonymous_2)
FNDA:0,(anonymous_3)
FNDA:0,(anonymous_4)
FNDA:0,(anonymous_5)
FNDA:0,(anonymous_6)
FNDA:0,(anonymous_7)
FNDA:0,(anonymous_8)
FNDA:0,(anonymous_9)
FNDA:0,(anonymous_10)
FNDA:0,(anonymous_11)
FNDA:0,(anonymous_12)
FNDA:0,(anonymous_13)
FNDA:0,(anonymous_14)
FNDA:0,(anonymous_15)
FNDA:0,(anonymous_16)
FNDA:0,(anonymous_17)
FNDA:0,(anonymous_18)
DA:33,0
DA:35,0
DA:36,0
DA:37,0
DA:38,0
DA:39,0
DA:40,0
DA:42,0
DA:43,0
DA:45,0
DA:46,0
DA:47,0
DA:48,0
DA:50,0
DA:57,0
DA:58,0
DA:59,0
DA:60,0
DA:62,0
DA:63,0
DA:65,0
DA:69,0
DA:72,0
DA:73,0
DA:81,0
DA:110,0
DA:111,0
DA:127,0
DA:134,0
DA:135,0
DA:137,0
DA:138,0
DA:140,0
DA:145,0
DA:146,0
DA:148,0
DA:149,0
DA:150,0
DA:152,0
DA:155,0
DA:161,0
DA:296,0
DA:363,0
DA:368,0
DA:395,0
DA:400,0
DA:445,0
DA:465,0
DA:554,0
DA:600,0
LF:50
LH:0
BRDA:43,0,0,0
BRDA:43,0,1,0
BRDA:62,1,0,0
BRDA:62,1,1,0
BRDA:72,2,0,0
BRDA:72,2,1,0
BRDA:110,3,0,0
BRDA:110,3,1,0
BRDA:134,4,0,0
BRDA:134,4,1,0
BRDA:137,5,0,0
BRDA:137,5,1,0
BRDA:140,6,0,0
BRDA:140,6,1,0
BRDA:146,7,0,0
BRDA:146,7,1,0
BRDA:150,8,0,0
BRDA:150,8,1,0
BRDA:156,9,0,0
BRDA:156,9,1,0
BRDA:157,10,0,0
BRDA:157,10,1,0
BRDA:158,11,0,0
BRDA:158,11,1,0
BRDA:236,12,0,0
BRDA:236,12,1,0
BRDA:269,13,0,0
BRDA:269,13,1,0
BRDA:282,14,0,0
BRDA:282,14,1,0
BRDA:302,15,0,0
BRDA:302,15,1,0
BRDA:302,15,2,0
BRDA:354,16,0,0
BRDA:354,16,1,0
BRDA:393,17,0,0
BRDA:393,17,1,0
BRDA:400,18,0,0
BRDA:400,18,1,0
BRDA:407,19,0,0
BRDA:407,19,1,0
BRDA:410,20,0,0
BRDA:410,20,1,0
BRDA:413,21,0,0
BRDA:413,21,1,0
BRDA:443,22,0,0
BRDA:443,22,1,0
BRDA:455,23,0,0
BRDA:455,23,1,0
BRDA:459,24,0,0
BRDA:459,24,1,0
BRDA:463,25,0,0
BRDA:463,25,1,0
BRDA:463,25,2,0
BRDA:471,26,0,0
BRDA:471,26,1,0
BRDA:501,27,0,0
BRDA:501,27,1,0
BRDA:501,28,0,0
BRDA:501,28,1,0
BRDA:501,28,2,0
BRDA:552,29,0,0
BRDA:552,29,1,0
BRDA:552,30,0,0
BRDA:552,30,1,0
BRDA:552,30,2,0
BRDA:557,31,0,0
BRDA:557,31,1,0
BRDA:560,32,0,0
BRDA:560,32,1,0
BRDA:563,33,0,0
BRDA:563,33,1,0
BRDA:598,34,0,0
BRDA:598,34,1,0
BRDA:598,35,0,0
BRDA:598,35,1,0
BRDA:598,35,2,0
BRDA:605,36,0,0
BRDA:605,36,1,0
BRF:79
BRH:0
end_of_record
TN:
SF:src\app\pages\projects\[id]\backlog\page.tsx
FN:53,(anonymous_0)
FN:66,(anonymous_1)
FN:77,BacklogPage
FN:100,(anonymous_3)
FN:121,(anonymous_4)
FN:125,(anonymous_5)
FN:152,(anonymous_6)
FN:163,(anonymous_7)
FN:173,(anonymous_8)
FN:183,(anonymous_9)
FN:193,(anonymous_10)
FN:194,(anonymous_11)
FN:219,(anonymous_12)
FN:220,(anonymous_13)
FN:221,(anonymous_14)
FN:223,(anonymous_15)
FN:223,(anonymous_16)
FN:224,(anonymous_17)
FN:224,(anonymous_18)
FN:228,(anonymous_19)
FN:239,(anonymous_20)
FN:242,(anonymous_21)
FN:253,(anonymous_22)
FN:256,(anonymous_23)
FN:256,(anonymous_24)
FN:260,(anonymous_25)
FN:260,(anonymous_26)
FN:266,(anonymous_27)
FNF:28
FNH:0
FNDA:0,(anonymous_0)
FNDA:0,(anonymous_1)
FNDA:0,BacklogPage
FNDA:0,(anonymous_3)
FNDA:0,(anonymous_4)
FNDA:0,(anonymous_5)
FNDA:0,(anonymous_6)
FNDA:0,(anonymous_7)
FNDA:0,(anonymous_8)
FNDA:0,(anonymous_9)
FNDA:0,(anonymous_10)
FNDA:0,(anonymous_11)
FNDA:0,(anonymous_12)
FNDA:0,(anonymous_13)
FNDA:0,(anonymous_14)
FNDA:0,(anonymous_15)
FNDA:0,(anonymous_16)
FNDA:0,(anonymous_17)
FNDA:0,(anonymous_18)
FNDA:0,(anonymous_19)
FNDA:0,(anonymous_20)
FNDA:0,(anonymous_21)
FNDA:0,(anonymous_22)
FNDA:0,(anonymous_23)
FNDA:0,(anonymous_24)
FNDA:0,(anonymous_25)
FNDA:0,(anonymous_26)
FNDA:0,(anonymous_27)
DA:43,1
DA:53,1
DA:54,0
DA:56,0
DA:58,0
DA:60,0
DA:62,0
DA:66,1
DA:67,0
DA:69,0
DA:71,0
DA:73,0
DA:78,0
DA:79,0
DA:80,0
DA:81,0
DA:82,0
DA:83,0
DA:84,0
DA:85,0
DA:86,0
DA:87,0
DA:89,0
DA:100,0
DA:101,0
DA:102,0
DA:103,0
DA:104,0
DA:109,0
DA:110,0
DA:111,0
DA:112,0
DA:114,0
DA:115,0
DA:117,0
DA:121,0
DA:122,0
DA:125,0
DA:126,0
DA:127,0
DA:128,0
DA:129,0
DA:131,0
DA:140,0
DA:141,0
DA:142,0
DA:143,0
DA:145,0
DA:146,0
DA:148,0
DA:152,0
DA:153,0
DA:154,0
DA:155,0
DA:156,0
DA:157,0
DA:159,0
DA:163,0
DA:164,0
DA:165,0
DA:166,0
DA:167,0
DA:169,0
DA:173,0
DA:174,0
DA:175,0
DA:176,0
DA:177,0
DA:179,0
DA:183,0
DA:184,0
DA:185,0
DA:186,0
DA:187,0
DA:189,0
DA:193,0
DA:194,0
DA:198,0
DA:219,0
DA:220,0
DA:221,0
DA:223,0
DA:224,0
DA:228,0
DA:239,0
DA:242,0
DA:253,0
DA:256,0
DA:260,0
DA:266,0
LF:90
LH:3
BRDA:54,0,0,0
BRDA:54,0,1,0
BRDA:54,0,2,0
BRDA:54,0,3,0
BRDA:67,1,0,0
BRDA:67,1,1,0
BRDA:67,1,2,0
BRDA:101,2,0,0
BRDA:101,2,1,0
BRDA:114,3,0,0
BRDA:114,3,1,0
BRDA:126,4,0,0
BRDA:126,4,1,0
BRDA:145,5,0,0
BRDA:145,5,1,0
BRDA:153,6,0,0
BRDA:153,6,1,0
BRDA:175,7,0,0
BRDA:175,7,1,0
BRDA:185,8,0,0
BRDA:185,8,1,0
BRDA:194,9,0,0
BRDA:194,9,1,0
BRDA:216,10,0,0
BRDA:216,10,1,0
BRDA:227,11,0,0
BRDA:227,11,1,0
BRDA:236,12,0,0
BRDA:236,12,1,0
BRDA:237,13,0,0
BRDA:237,13,1,0
BRDA:238,14,0,0
BRDA:238,14,1,0
BRDA:251,15,0,0
BRDA:251,15,1,0
BRDA:256,16,0,0
BRDA:256,16,1,0
BRDA:260,17,0,0
BRDA:260,17,1,0
BRDA:262,18,0,0
BRDA:262,18,1,0
BRF:41
BRH:0
end_of_record
TN:
SF:src\app\pages\projects\[id]\kanban\page.tsx
FN:45,(anonymous_0)
FN:45,(anonymous_1)
FN:52,(anonymous_2)
FN:59,(anonymous_3)
FN:71,(anonymous_4)
FN:75,(anonymous_5)
FN:90,(anonymous_6)
FN:110,(anonymous_7)
FN:126,(anonymous_8)
FN:140,(anonymous_9)
FN:155,KanbanCard
FN:212,KanbanColumn
FN:226,KanbanBoardPage
FN:236,(anonymous_13)
FN:236,(anonymous_14)
FN:238,(anonymous_15)
FN:239,(anonymous_16)
FN:246,(anonymous_17)
FN:269,(anonymous_18)
FN:273,(anonymous_19)
FN:279,(anonymous_20)
FN:286,(anonymous_21)
FN:288,(anonymous_22)
FN:294,(anonymous_23)
FN:297,(anonymous_24)
FN:313,(anonymous_25)
FN:315,(anonymous_26)
FN:318,(anonymous_27)
FN:325,(anonymous_28)
FN:344,(anonymous_29)
FN:346,(anonymous_30)
FNF:31
FNH:0
FNDA:0,(anonymous_0)
FNDA:0,(anonymous_1)
FNDA:0,(anonymous_2)
FNDA:0,(anonymous_3)
FNDA:0,(anonymous_4)
FNDA:0,(anonymous_5)
FNDA:0,(anonymous_6)
FNDA:0,(anonymous_7)
FNDA:0,(anonymous_8)
FNDA:0,(anonymous_9)
FNDA:0,KanbanCard
FNDA:0,KanbanColumn
FNDA:0,KanbanBoardPage
FNDA:0,(anonymous_13)
FNDA:0,(anonymous_14)
FNDA:0,(anonymous_15)
FNDA:0,(anonymous_16)
FNDA:0,(anonymous_17)
FNDA:0,(anonymous_18)
FNDA:0,(anonymous_19)
FNDA:0,(anonymous_20)
FNDA:0,(anonymous_21)
FNDA:0,(anonymous_22)
FNDA:0,(anonymous_23)
FNDA:0,(anonymous_24)
FNDA:0,(anonymous_25)
FNDA:0,(anonymous_26)
FNDA:0,(anonymous_27)
FNDA:0,(anonymous_28)
FNDA:0,(anonymous_29)
FNDA:0,(anonymous_30)
DA:42,1
DA:45,1
DA:52,1
DA:53,0
DA:54,0
DA:55,0
DA:56,0
DA:57,0
DA:59,0
DA:60,0
DA:61,0
DA:62,0
DA:63,0
DA:65,0
DA:67,0
DA:71,0
DA:72,0
DA:75,0
DA:76,0
DA:77,0
DA:78,0
DA:80,0
DA:81,0
DA:82,0
DA:83,0
DA:84,0
DA:86,0
DA:90,0
DA:91,0
DA:92,0
DA:93,0
DA:94,0
DA:95,0
DA:97,0
DA:101,0
DA:110,0
DA:126,0
DA:140,0
DA:163,0
DA:165,0
DA:171,0
DA:172,0
DA:174,0
DA:213,0
DA:215,0
DA:227,0
DA:228,0
DA:230,0
DA:231,0
DA:232,0
DA:233,0
DA:234,0
DA:236,0
DA:238,0
DA:239,0
DA:240,0
DA:241,0
DA:242,0
DA:243,0
DA:244,0
DA:246,0
DA:247,0
DA:249,0
DA:250,0
DA:251,0
DA:254,0
DA:256,0
DA:259,0
DA:262,0
DA:269,0
DA:270,0
DA:273,0
DA:274,0
DA:275,0
DA:277,0
DA:279,0
DA:280,0
DA:282,0
DA:283,0
DA:284,0
DA:286,0
DA:287,0
DA:288,0
DA:291,0
DA:294,0
DA:295,0
DA:297,0
DA:298,0
DA:300,0
DA:301,0
DA:302,0
DA:307,0
DA:309,0
DA:313,0
DA:314,0
DA:315,0
DA:316,0
DA:318,0
DA:319,0
DA:320,0
DA:324,0
DA:325,0
DA:327,0
DA:330,0
DA:331,0
DA:333,0
DA:344,0
DA:346,0
LF:108
LH:3
BRDA:76,0,0,0
BRDA:76,0,1,0
BRDA:91,1,0,0
BRDA:91,1,1,0
BRDA:104,2,0,0
BRDA:104,2,1,0
BRDA:106,3,0,0
BRDA:106,3,1,0
BRDA:114,4,0,0
BRDA:114,4,1,0
BRDA:114,5,0,0
BRDA:114,5,1,0
BRDA:122,6,0,0
BRDA:122,6,1,0
BRDA:125,7,0,0
BRDA:125,7,1,0
BRDA:166,8,0,0
BRDA:166,8,1,0
BRDA:168,9,0,0
BRDA:168,9,1,0
BRDA:172,10,0,0
BRDA:172,10,1,0
BRDA:172,11,0,0
BRDA:172,11,1,0
BRDA:181,12,0,0
BRDA:181,12,1,0
BRDA:184,13,0,0
BRDA:184,13,1,0
BRDA:240,14,0,0
BRDA:240,14,1,0
BRDA:246,15,0,0
BRDA:246,15,1,0
BRDA:249,16,0,0
BRDA:249,16,1,0
BRDA:277,17,0,0
BRDA:277,17,1,0
BRDA:277,18,0,0
BRDA:277,18,1,0
BRDA:280,19,0,0
BRDA:280,19,1,0
BRDA:283,20,0,0
BRDA:283,20,1,0
BRDA:286,21,0,0
BRDA:286,21,1,0
BRDA:287,22,0,0
BRDA:287,22,1,0
BRDA:291,23,0,0
BRDA:291,23,1,0
BRDA:295,24,0,0
BRDA:295,24,1,0
BRDA:297,25,0,0
BRDA:297,25,1,0
BRDA:297,26,0,0
BRDA:297,26,1,0
BRDA:319,27,0,0
BRDA:319,27,1,0
BRDA:325,28,0,0
BRDA:325,28,1,0
BRDA:325,29,0,0
BRDA:325,29,1,0
BRDA:330,30,0,0
BRDA:330,30,1,0
BRDA:331,31,0,0
BRDA:331,31,1,0
BRDA:353,32,0,0
BRDA:353,32,1,0
BRF:66
BRH:0
end_of_record
TN:
SF:src\app\pages\projects\[id]\members\page.tsx
FN:43,MembersPage
FN:54,(anonymous_1)
FN:71,(anonymous_2)
FN:84,(anonymous_3)
FN:89,(anonymous_4)
FN:115,(anonymous_5)
FN:133,(anonymous_6)
FN:134,(anonymous_7)
FN:135,(anonymous_8)
FN:166,(anonymous_9)
FN:173,(anonymous_10)
FN:178,(anonymous_11)
FN:185,(anonymous_12)
FN:204,(anonymous_13)
FN:213,(anonymous_14)
FNF:15
FNH:0
FNDA:0,MembersPage
FNDA:0,(anonymous_1)
FNDA:0,(anonymous_2)
FNDA:0,(anonymous_3)
FNDA:0,(anonymous_4)
FNDA:0,(anonymous_5)
FNDA:0,(anonymous_6)
FNDA:0,(anonymous_7)
FNDA:0,(anonymous_8)
FNDA:0,(anonymous_9)
FNDA:0,(anonymous_10)
FNDA:0,(anonymous_11)
FNDA:0,(anonymous_12)
FNDA:0,(anonymous_13)
FNDA:0,(anonymous_14)
DA:37,1
DA:44,0
DA:45,0
DA:47,0
DA:48,0
DA:49,0
DA:50,0
DA:51,0
DA:52,0
DA:54,0
DA:55,0
DA:56,0
DA:57,0
DA:58,0
DA:59,0
DA:61,0
DA:67,0
DA:71,0
DA:72,0
DA:73,0
DA:74,0
DA:76,0
DA:84,0
DA:85,0
DA:86,0
DA:89,0
DA:90,0
DA:91,0
DA:92,0
DA:95,0
DA:96,0
DA:101,0
DA:102,0
DA:103,0
DA:104,0
DA:106,0
DA:107,0
DA:115,0
DA:116,0
DA:118,0
DA:120,0
DA:121,0
DA:122,0
DA:123,0
DA:125,0
DA:133,0
DA:134,0
DA:135,0
DA:139,0
DA:140,0
DA:143,0
DA:166,0
DA:173,0
DA:178,0
DA:185,0
DA:204,0
DA:213,0
LF:57
LH:1
BRDA:55,0,0,0
BRDA:55,0,1,0
BRDA:90,1,0,0
BRDA:90,1,1,0
BRDA:90,2,0,0
BRDA:90,2,1,0
BRDA:106,3,0,0
BRDA:106,3,1,0
BRDA:116,4,0,0
BRDA:116,4,1,0
BRDA:118,5,0,0
BRDA:118,5,1,0
BRDA:135,6,0,0
BRDA:135,6,1,0
BRDA:139,7,0,0
BRDA:139,7,1,0
BRDA:203,8,0,0
BRDA:203,8,1,0
BRF:18
BRH:0
end_of_record
TN:
SF:src\app\pages\projects\[id]\overview\page.tsx
FN:13,ProjectOverview
FN:22,(anonymous_1)
FN:25,(anonymous_2)
FN:82,(anonymous_3)
FN:212,(anonymous_4)
FN:223,(anonymous_5)
FN:227,(anonymous_6)
FNF:7
FNH:0
FNDA:0,ProjectOverview
FNDA:0,(anonymous_1)
FNDA:0,(anonymous_2)
FNDA:0,(anonymous_3)
FNDA:0,(anonymous_4)
FNDA:0,(anonymous_5)
FNDA:0,(anonymous_6)
DA:14,0
DA:16,0
DA:17,0
DA:18,0
DA:19,0
DA:20,0
DA:22,0
DA:23,0
DA:25,0
DA:26,0
DA:27,0
DA:28,0
DA:31,0
DA:37,0
DA:38,0
DA:39,0
DA:41,0
DA:42,0
DA:44,0
DA:48,0
DA:51,0
DA:52,0
DA:82,0
DA:106,0
DA:107,0
DA:123,0
DA:124,0
DA:125,0
DA:126,0
DA:127,0
DA:129,0
DA:130,0
DA:131,0
DA:133,0
DA:135,0
DA:212,0
DA:223,0
DA:227,0
LF:38
LH:0
BRDA:23,0,0,0
BRDA:23,0,1,0
BRDA:41,1,0,0
BRDA:41,1,1,0
BRDA:51,2,0,0
BRDA:51,2,1,0
BRDA:106,3,0,0
BRDA:106,3,1,0
BRDA:123,4,0,0
BRDA:123,4,1,0
BRDA:124,5,0,0
BRDA:124,5,1,0
BRDA:126,6,0,0
BRDA:126,6,1,0
BRDA:127,7,0,0
BRDA:127,7,1,0
BRDA:129,8,0,0
BRDA:129,8,1,0
BRDA:130,9,0,0
BRDA:130,9,1,0
BRDA:131,10,0,0
BRDA:131,10,1,0
BRDA:133,11,0,0
BRDA:133,11,1,0
BRDA:149,12,0,0
BRDA:149,12,1,0
BRDA:186,13,0,0
BRDA:186,13,1,0
BRDA:186,13,2,0
BRDA:250,14,0,0
BRDA:250,14,1,0
BRDA:256,15,0,0
BRDA:256,15,1,0
BRDA:263,16,0,0
BRDA:263,16,1,0
BRDA:270,17,0,0
BRDA:270,17,1,0
BRDA:298,18,0,0
BRDA:298,18,1,0
BRDA:298,19,0,0
BRDA:298,19,1,0
BRDA:298,19,2,0
BRF:42
BRH:0
end_of_record
TN:
SF:src\app\pages\projects\[id]\sprints\page.tsx
FN:41,SprintsPage
FN:64,(anonymous_1)
FN:69,(anonymous_2)
FN:77,(anonymous_3)
FN:81,(anonymous_4)
FN:107,(anonymous_5)
FN:117,(anonymous_6)
FN:127,(anonymous_7)
FN:153,(anonymous_8)
FN:162,(anonymous_9)
FN:173,(anonymous_10)
FN:201,(anonymous_11)
FN:233,(anonymous_12)
FN:237,(anonymous_13)
FN:253,(anonymous_14)
FN:285,(anonymous_15)
FN:289,(anonymous_16)
FN:309,(anonymous_17)
FN:324,(anonymous_18)
FN:336,(anonymous_19)
FN:341,(anonymous_20)
FN:345,(anonymous_21)
FNF:22
FNH:0
FNDA:0,SprintsPage
FNDA:0,(anonymous_1)
FNDA:0,(anonymous_2)
FNDA:0,(anonymous_3)
FNDA:0,(anonymous_4)
FNDA:0,(anonymous_5)
FNDA:0,(anonymous_6)
FNDA:0,(anonymous_7)
FNDA:0,(anonymous_8)
FNDA:0,(anonymous_9)
FNDA:0,(anonymous_10)
FNDA:0,(anonymous_11)
FNDA:0,(anonymous_12)
FNDA:0,(anonymous_13)
FNDA:0,(anonymous_14)
FNDA:0,(anonymous_15)
FNDA:0,(anonymous_16)
FNDA:0,(anonymous_17)
FNDA:0,(anonymous_18)
FNDA:0,(anonymous_19)
FNDA:0,(anonymous_20)
FNDA:0,(anonymous_21)
DA:42,0
DA:43,0
DA:45,0
DA:46,0
DA:47,0
DA:48,0
DA:49,0
DA:52,0
DA:53,0
DA:54,0
DA:55,0
DA:58,0
DA:59,0
DA:60,0
DA:61,0
DA:64,0
DA:65,0
DA:66,0
DA:67,0
DA:68,0
DA:69,0
DA:71,0
DA:73,0
DA:77,0
DA:78,0
DA:81,0
DA:82,0
DA:83,0
DA:84,0
DA:86,0
DA:87,0
DA:94,0
DA:95,0
DA:96,0
DA:98,0
DA:99,0
DA:100,0
DA:101,0
DA:103,0
DA:107,0
DA:108,0
DA:109,0
DA:110,0
DA:111,0
DA:113,0
DA:117,0
DA:118,0
DA:119,0
DA:120,0
DA:121,0
DA:123,0
DA:127,0
DA:128,0
DA:130,0
DA:131,0
DA:138,0
DA:139,0
DA:140,0
DA:141,0
DA:142,0
DA:144,0
DA:145,0
DA:146,0
DA:147,0
DA:149,0
DA:153,0
DA:154,0
DA:155,0
DA:156,0
DA:157,0
DA:158,0
DA:159,0
DA:162,0
DA:163,0
DA:164,0
DA:165,0
DA:166,0
DA:167,0
DA:169,0
DA:173,0
DA:174,0
DA:175,0
DA:176,0
DA:177,0
DA:181,0
DA:183,0
DA:201,0
DA:233,0
DA:237,0
DA:253,0
DA:285,0
DA:289,0
DA:309,0
DA:324,0
DA:336,0
DA:341,0
DA:345,0
LF:97
LH:0
BRDA:65,0,0,0
BRDA:65,0,1,0
BRDA:69,1,0,0
BRDA:69,1,1,0
BRDA:69,2,0,0
BRDA:69,2,1,0
BRDA:82,3,0,0
BRDA:82,3,1,0
BRDA:82,4,0,0
BRDA:82,4,1,0
BRDA:82,4,2,0
BRDA:82,4,3,0
BRDA:128,5,0,0
BRDA:128,5,1,0
BRDA:133,6,0,0
BRDA:133,6,1,0
BRDA:134,7,0,0
BRDA:134,7,1,0
BRDA:156,8,0,0
BRDA:156,8,1,0
BRDA:157,9,0,0
BRDA:157,9,1,0
BRDA:158,10,0,0
BRDA:158,10,1,0
BRDA:163,11,0,0
BRDA:163,11,1,0
BRDA:174,12,0,0
BRDA:174,12,1,0
BRDA:174,12,2,0
BRDA:181,13,0,0
BRDA:181,13,1,0
BRDA:209,14,0,0
BRDA:209,14,1,0
BRDA:223,15,0,0
BRDA:223,15,1,0
BRDA:261,16,0,0
BRDA:261,16,1,0
BRDA:275,17,0,0
BRDA:275,17,1,0
BRDA:313,18,0,0
BRDA:313,18,1,0
BRDA:314,19,0,0
BRDA:314,19,1,0
BRDA:315,20,0,0
BRDA:315,20,1,0
BRDA:316,21,0,0
BRDA:316,21,1,0
BRDA:323,22,0,0
BRDA:323,22,1,0
BRDA:328,23,0,0
BRDA:328,23,1,0
BRDA:335,24,0,0
BRDA:335,24,1,0
BRDA:340,25,0,0
BRDA:340,25,1,0
BRF:55
BRH:0
end_of_record
TN:
SF:src\app\pages\projects\[id]\sprints\[sprintId]\retrospective\page.tsx
FN:29,RetrospectivePage
FN:40,(anonymous_1)
FN:57,(anonymous_2)
FN:61,(anonymous_3)
FN:72,(anonymous_4)
FN:95,(anonymous_5)
FN:105,(anonymous_6)
FN:115,(anonymous_7)
FN:126,(anonymous_8)
FN:144,(anonymous_9)
FN:145,(anonymous_10)
FN:146,(anonymous_11)
FN:159,(anonymous_12)
FN:163,(anonymous_13)
FN:170,(anonymous_14)
FN:173,(anonymous_15)
FN:177,(anonymous_16)
FN:184,(anonymous_17)
FN:191,(anonymous_18)
FN:196,(anonymous_19)
FNF:20
FNH:0
FNDA:0,RetrospectivePage
FNDA:0,(anonymous_1)
FNDA:0,(anonymous_2)
FNDA:0,(anonymous_3)
FNDA:0,(anonymous_4)
FNDA:0,(anonymous_5)
FNDA:0,(anonymous_6)
FNDA:0,(anonymous_7)
FNDA:0,(anonymous_8)
FNDA:0,(anonymous_9)
FNDA:0,(anonymous_10)
FNDA:0,(anonymous_11)
FNDA:0,(anonymous_12)
FNDA:0,(anonymous_13)
FNDA:0,(anonymous_14)
FNDA:0,(anonymous_15)
FNDA:0,(anonymous_16)
FNDA:0,(anonymous_17)
FNDA:0,(anonymous_18)
FNDA:0,(anonymous_19)
DA:23,1
DA:30,0
DA:31,0
DA:32,0
DA:34,0
DA:35,0
DA:36,0
DA:37,0
DA:38,0
DA:40,0
DA:41,0
DA:42,0
DA:43,0
DA:44,0
DA:45,0
DA:47,0
DA:48,0
DA:50,0
DA:53,0
DA:57,0
DA:58,0
DA:61,0
DA:62,0
DA:63,0
DA:64,0
DA:65,0
DA:66,0
DA:68,0
DA:72,0
DA:73,0
DA:74,0
DA:75,0
DA:78,0
DA:84,0
DA:85,0
DA:86,0
DA:87,0
DA:88,0
DA:89,0
DA:91,0
DA:95,0
DA:96,0
DA:97,0
DA:98,0
DA:99,0
DA:101,0
DA:105,0
DA:106,0
DA:107,0
DA:108,0
DA:109,0
DA:111,0
DA:115,0
DA:116,0
DA:117,0
DA:118,0
DA:119,0
DA:120,0
DA:122,0
DA:126,0
DA:127,0
DA:128,0
DA:131,0
DA:133,0
DA:134,0
DA:143,0
DA:144,0
DA:145,0
DA:146,0
DA:149,0
DA:159,0
DA:163,0
DA:170,0
DA:173,0
DA:177,0
DA:184,0
DA:191,0
DA:196,0
LF:78
LH:1
BRDA:41,0,0,0
BRDA:41,0,1,0
BRDA:47,1,0,0
BRDA:47,1,1,0
BRDA:62,2,0,0
BRDA:62,2,1,0
BRDA:73,3,0,0
BRDA:73,3,1,0
BRDA:73,4,0,0
BRDA:73,4,1,0
BRDA:108,5,0,0
BRDA:108,5,1,0
BRDA:116,6,0,0
BRDA:116,6,1,0
BRDA:131,7,0,0
BRDA:131,7,1,0
BRDA:133,8,0,0
BRDA:133,8,1,0
BRDA:144,9,0,0
BRDA:144,9,1,0
BRDA:145,10,0,0
BRDA:145,10,1,0
BRDA:146,11,0,0
BRDA:146,11,1,0
BRDA:178,12,0,0
BRDA:178,12,1,0
BRDA:178,13,0,0
BRDA:178,13,1,0
BRDA:180,14,0,0
BRDA:180,14,1,0
BRDA:180,15,0,0
BRDA:180,15,1,0
BRDA:190,16,0,0
BRDA:190,16,1,0
BRDA:192,17,0,0
BRDA:192,17,1,0
BRDA:195,18,0,0
BRDA:195,18,1,0
BRF:38
BRH:0
end_of_record
TN:
SF:src\features\auth\auth.service.ts
FN:5,(anonymous_0)
FN:10,(anonymous_1)
FN:15,(anonymous_2)
FN:20,(anonymous_3)
FN:25,(anonymous_4)
FN:30,(anonymous_5)
FNF:6
FNH:0
FNDA:0,(anonymous_0)
FNDA:0,(anonymous_1)
FNDA:0,(anonymous_2)
FNDA:0,(anonymous_3)
FNDA:0,(anonymous_4)
FNDA:0,(anonymous_5)
DA:4,1
DA:6,0
DA:7,0
DA:11,0
DA:12,0
DA:16,0
DA:17,0
DA:21,0
DA:22,0
DA:26,0
DA:27,0
DA:31,0
DA:32,0
LF:13
LH:1
BRF:0
BRH:0
end_of_record
TN:
SF:src\features\auth\auth.store.ts
FN:24,(anonymous_0)
FN:31,(anonymous_1)
FN:53,(anonymous_2)
FN:65,(anonymous_3)
FN:84,(anonymous_4)
FN:99,(anonymous_5)
FN:111,(anonymous_6)
FN:123,(anonymous_7)
FN:127,(anonymous_8)
FN:131,(anonymous_9)
FNF:10
FNH:2
FNDA:1,(anonymous_0)
FNDA:0,(anonymous_1)
FNDA:0,(anonymous_2)
FNDA:0,(anonymous_3)
FNDA:0,(anonymous_4)
FNDA:0,(anonymous_5)
FNDA:0,(anonymous_6)
FNDA:0,(anonymous_7)
FNDA:0,(anonymous_8)
FNDA:1,(anonymous_9)
DA:24,1
DA:32,0
DA:33,0
DA:34,0
DA:36,0
DA:37,0
DA:39,0
DA:46,0
DA:47,0
DA:48,0
DA:54,0
DA:55,0
DA:56,0
DA:57,0
DA:59,0
DA:60,0
DA:61,0
DA:66,0
DA:67,0
DA:68,0
DA:69,0
DA:70,0
DA:77,0
DA:78,0
DA:79,0
DA:85,0
DA:86,0
DA:87,0
DA:89,0
DA:91,0
DA:93,0
DA:94,0
DA:95,0
DA:100,0
DA:101,0
DA:102,0
DA:103,0
DA:105,0
DA:106,0
DA:107,0
DA:112,0
DA:113,0
DA:114,0
DA:115,0
DA:117,0
DA:118,0
DA:119,0
DA:124,0
DA:128,0
DA:132,1
DA:133,1
DA:134,1
DA:135,0
DA:136,0
DA:138,0
LF:55
LH:4
BRDA:46,0,0,0
BRDA:46,0,1,0
BRDA:59,1,0,0
BRDA:59,1,1,0
BRDA:77,2,0,0
BRDA:77,2,1,0
BRDA:89,3,0,0
BRDA:89,3,1,0
BRDA:93,4,0,0
BRDA:93,4,1,0
BRDA:105,5,0,0
BRDA:105,5,1,0
BRDA:117,6,0,0
BRDA:117,6,1,0
BRDA:134,7,0,0
BRDA:134,7,1,1
BRDA:135,8,0,0
BRDA:135,8,1,0
BRF:18
BRH:1
end_of_record
TN:
SF:src\features\auth\auth.validation.ts
FN:26,(anonymous_0)
FN:50,(anonymous_1)
FNF:2
FNH:0
FNDA:0,(anonymous_0)
FNDA:0,(anonymous_1)
DA:4,1
DA:12,1
DA:26,0
DA:33,1
DA:40,1
DA:50,0
LF:6
LH:4
BRF:0
BRH:0
end_of_record
TN:
SF:src\features\backlog\backlog.service.ts
FN:5,(anonymous_0)
FN:10,(anonymous_1)
FN:15,(anonymous_2)
FN:20,(anonymous_3)
FN:25,(anonymous_4)
FN:30,(anonymous_5)
FN:35,(anonymous_6)
FNF:7
FNH:0
FNDA:0,(anonymous_0)
FNDA:0,(anonymous_1)
FNDA:0,(anonymous_2)
FNDA:0,(anonymous_3)
FNDA:0,(anonymous_4)
FNDA:0,(anonymous_5)
FNDA:0,(anonymous_6)
DA:4,1
DA:6,0
DA:7,0
DA:11,0
DA:12,0
DA:16,0
DA:17,0
DA:21,0
DA:22,0
DA:26,0
DA:27,0
DA:31,0
DA:32,0
DA:36,0
DA:37,0
LF:15
LH:1
BRF:0
BRH:0
end_of_record
TN:
SF:src\features\comments\comments.service.ts
FN:5,(anonymous_0)
FN:10,(anonymous_1)
FN:15,(anonymous_2)
FNF:3
FNH:0
FNDA:0,(anonymous_0)
FNDA:0,(anonymous_1)
FNDA:0,(anonymous_2)
DA:4,1
DA:6,0
DA:7,0
DA:11,0
DA:12,0
DA:16,0
DA:17,0
LF:7
LH:1
BRF:0
BRH:0
end_of_record
TN:
SF:src\features\dashboard\Charts.tsx
FN:8,(anonymous_0)
FN:28,(anonymous_1)
FNF:2
FNH:0
FNDA:0,(anonymous_0)
FNDA:0,(anonymous_1)
DA:8,1
DA:9,0
DA:28,1
DA:29,0
LF:4
LH:2
BRF:0
BRH:0
end_of_record
TN:
SF:src\features\dashboard\dashboard.service.ts
FN:5,(anonymous_0)
FN:10,(anonymous_1)
FN:15,(anonymous_2)
FNF:3
FNH:0
FNDA:0,(anonymous_0)
FNDA:0,(anonymous_1)
FNDA:0,(anonymous_2)
DA:4,1
DA:6,0
DA:7,0
DA:11,0
DA:12,0
DA:16,0
DA:17,0
LF:7
LH:1
BRF:0
BRH:0
end_of_record
TN:
SF:src\features\kanban\kanban.service.ts
FN:11,(anonymous_0)
FN:16,(anonymous_1)
FNF:2
FNH:0
FNDA:0,(anonymous_0)
FNDA:0,(anonymous_1)
DA:10,1
DA:12,0
DA:13,0
DA:17,0
DA:18,0
LF:5
LH:1
BRF:0
BRH:0
end_of_record
TN:
SF:src\features\projects\projects.service.ts
FN:5,(anonymous_0)
FN:10,(anonymous_1)
FN:15,(anonymous_2)
FN:20,(anonymous_3)
FN:25,(anonymous_4)
FN:30,(anonymous_5)
FN:35,(anonymous_6)
FN:40,(anonymous_7)
FN:45,(anonymous_8)
FNF:9
FNH:0
FNDA:0,(anonymous_0)
FNDA:0,(anonymous_1)
FNDA:0,(anonymous_2)
FNDA:0,(anonymous_3)
FNDA:0,(anonymous_4)
FNDA:0,(anonymous_5)
FNDA:0,(anonymous_6)
FNDA:0,(anonymous_7)
FNDA:0,(anonymous_8)
DA:4,1
DA:6,0
DA:7,0
DA:11,0
DA:12,0
DA:16,0
DA:17,0
DA:21,0
DA:22,0
DA:26,0
DA:27,0
DA:31,0
DA:32,0
DA:36,0
DA:37,0
DA:41,0
DA:42,0
DA:46,0
DA:47,0
LF:19
LH:1
BRF:0
BRH:0
end_of_record
TN:
SF:src\features\projects\projects.store.ts
FN:15,(anonymous_0)
FN:20,(anonymous_1)
FN:21,(anonymous_2)
FN:22,(anonymous_3)
FN:23,(anonymous_4)
FNF:5
FNH:1
FNDA:1,(anonymous_0)
FNDA:0,(anonymous_1)
FNDA:0,(anonymous_2)
FNDA:0,(anonymous_3)
FNDA:0,(anonymous_4)
DA:15,1
DA:20,0
DA:21,0
DA:22,0
DA:23,0
LF:5
LH:1
BRF:0
BRH:0
end_of_record
TN:
SF:src\features\projects\components\ProjectCard.tsx
FN:30,(anonymous_0)
FN:34,(anonymous_1)
FN:72,(anonymous_2)
FN:120,(anonymous_3)
FN:130,(anonymous_4)
FNF:5
FNH:0
FNDA:0,(anonymous_0)
FNDA:0,(anonymous_1)
FNDA:0,(anonymous_2)
FNDA:0,(anonymous_3)
FNDA:0,(anonymous_4)
DA:30,1
DA:31,0
DA:34,1
DA:35,0
DA:37,0
DA:72,0
DA:121,0
DA:122,0
DA:131,0
DA:132,0
LF:10
LH:2
BRDA:35,0,0,0
BRDA:35,0,1,0
BRDA:45,1,0,0
BRDA:45,1,1,0
BRDA:49,2,0,0
BRDA:49,2,1,0
BRDA:57,3,0,0
BRDA:57,3,1,0
BRDA:69,4,0,0
BRDA:69,4,1,0
BRDA:69,4,2,0
BRDA:79,5,0,0
BRDA:79,5,1,0
BRDA:86,6,0,0
BRDA:86,6,1,0
BRDA:91,7,0,0
BRDA:91,7,1,0
BRDA:111,8,0,0
BRDA:111,8,1,0
BRDA:111,8,2,0
BRDA:119,9,0,0
BRDA:119,9,1,0
BRDA:128,10,0,0
BRDA:128,10,1,0
BRF:24
BRH:0
end_of_record
TN:
SF:src\features\retrospectives\retrospectives.service.ts
FN:5,(anonymous_0)
FN:10,(anonymous_1)
FN:15,(anonymous_2)
FN:20,(anonymous_3)
FN:25,(anonymous_4)
FN:30,(anonymous_5)
FN:35,(anonymous_6)
FN:40,(anonymous_7)
FN:45,(anonymous_8)
FNF:9
FNH:0
FNDA:0,(anonymous_0)
FNDA:0,(anonymous_1)
FNDA:0,(anonymous_2)
FNDA:0,(anonymous_3)
FNDA:0,(anonymous_4)
FNDA:0,(anonymous_5)
FNDA:0,(anonymous_6)
FNDA:0,(anonymous_7)
FNDA:0,(anonymous_8)
DA:4,1
DA:6,0
DA:7,0
DA:11,0
DA:12,0
DA:16,0
DA:17,0
DA:21,0
DA:22,0
DA:26,0
DA:27,0
DA:31,0
DA:32,0
DA:36,0
DA:37,0
DA:41,0
DA:42,0
DA:46,0
DA:47,0
LF:19
LH:1
BRF:0
BRH:0
end_of_record
TN:
SF:src\features\sprints\sprints.service.ts
FN:5,(anonymous_0)
FN:10,(anonymous_1)
FN:15,(anonymous_2)
FN:20,(anonymous_3)
FN:25,(anonymous_4)
FN:30,(anonymous_5)
FNF:6
FNH:0
FNDA:0,(anonymous_0)
FNDA:0,(anonymous_1)
FNDA:0,(anonymous_2)
FNDA:0,(anonymous_3)
FNDA:0,(anonymous_4)
FNDA:0,(anonymous_5)
DA:4,1
DA:6,0
DA:7,0
DA:11,0
DA:12,0
DA:16,0
DA:17,0
DA:21,0
DA:22,0
DA:26,0
DA:27,0
DA:31,0
DA:32,0
LF:13
LH:1
BRF:0
BRH:0
end_of_record
TN:
SF:src\features\users\users.service.ts
FN:12,(anonymous_0)
FN:17,(anonymous_1)
FN:22,(anonymous_2)
FN:27,(anonymous_3)
FNF:4
FNH:0
FNDA:0,(anonymous_0)
FNDA:0,(anonymous_1)
FNDA:0,(anonymous_2)
FNDA:0,(anonymous_3)
DA:11,1
DA:13,0
DA:14,0
DA:18,0
DA:19,0
DA:23,0
DA:24,0
DA:28,0
DA:29,0
LF:9
LH:1
BRF:0
BRH:0
end_of_record
TN:
SF:src\features\users\users.store.ts
FN:15,(anonymous_0)
FN:19,(anonymous_1)
FN:20,(anonymous_2)
FN:21,(anonymous_3)
FN:22,(anonymous_4)
FN:26,(anonymous_5)
FN:27,(anonymous_6)
FN:28,(anonymous_7)
FN:30,(anonymous_8)
FN:31,(anonymous_9)
FNF:10
FNH:1
FNDA:1,(anonymous_0)
FNDA:0,(anonymous_1)
FNDA:0,(anonymous_2)
FNDA:0,(anonymous_3)
FNDA:0,(anonymous_4)
FNDA:0,(anonymous_5)
FNDA:0,(anonymous_6)
FNDA:0,(anonymous_7)
FNDA:0,(anonymous_8)
FNDA:0,(anonymous_9)
DA:15,1
DA:19,0
DA:21,0
DA:23,0
DA:27,0
DA:28,0
DA:30,0
DA:31,0
LF:8
LH:1
BRDA:23,0,0,0
BRDA:23,0,1,0
BRF:2
BRH:0
end_of_record
TN:
SF:src\hooks\use-mobile.tsx
FN:5,useIsMobile
FN:8,(anonymous_1)
FN:10,(anonymous_2)
FN:15,(anonymous_3)
FNF:4
FNH:0
FNDA:0,useIsMobile
FNDA:0,(anonymous_1)
FNDA:0,(anonymous_2)
FNDA:0,(anonymous_3)
DA:3,1
DA:6,0
DA:8,0
DA:9,0
DA:10,0
DA:11,0
DA:13,0
DA:14,0
DA:15,0
DA:18,0
LF:10
LH:1
BRF:0
BRH:0
end_of_record
TN:
SF:src\hooks\use-toast.ts
FN:24,genId
FN:55,(anonymous_1)
FN:60,(anonymous_2)
FN:71,(anonymous_3)
FN:82,(anonymous_4)
FN:93,(anonymous_5)
FN:100,(anonymous_6)
FN:119,(anonymous_7)
FN:128,dispatch
FN:130,(anonymous_9)
FN:137,toast
FN:140,(anonymous_11)
FN:145,(anonymous_12)
FN:153,(anonymous_13)
FN:166,useToast
FN:169,(anonymous_15)
FN:171,(anonymous_16)
FN:182,(anonymous_17)
FNF:18
FNH:3
FNDA:0,genId
FNDA:0,(anonymous_1)
FNDA:0,(anonymous_2)
FNDA:0,(anonymous_3)
FNDA:0,(anonymous_4)
FNDA:0,(anonymous_5)
FNDA:0,(anonymous_6)
FNDA:0,(anonymous_7)
FNDA:0,dispatch
FNDA:0,(anonymous_9)
FNDA:0,toast
FNDA:0,(anonymous_11)
FNDA:0,(anonymous_12)
FNDA:0,(anonymous_13)
FNDA:2,useToast
FNDA:2,(anonymous_15)
FNDA:2,(anonymous_16)
FNDA:0,(anonymous_17)
DA:5,1
DA:6,1
DA:15,1
DA:22,1
DA:25,0
DA:26,0
DA:53,1
DA:55,1
DA:56,0
DA:57,0
DA:60,0
DA:61,0
DA:62,0
DA:68,0
DA:71,1
DA:72,0
DA:74,0
DA:80,0
DA:82,0
DA:86,0
DA:90,0
DA:91,0
DA:93,0
DA:94,0
DA:98,0
DA:101,0
DA:111,0
DA:112,0
DA:117,0
DA:119,0
DA:124,1
DA:126,1
DA:129,0
DA:130,0
DA:131,0
DA:138,0
DA:140,0
DA:141,0
DA:145,0
DA:147,0
DA:154,0
DA:159,0
DA:167,2
DA:169,2
DA:170,2
DA:171,2
DA:172,2
DA:173,2
DA:174,2
DA:179,2
DA:182,0
LF:51
LH:17
BRDA:56,0,0,0
BRDA:56,0,1,0
BRDA:72,1,0,0
BRDA:72,1,1,0
BRDA:72,1,2,0
BRDA:72,1,3,0
BRDA:82,2,0,0
BRDA:82,2,1,0
BRDA:90,3,0,0
BRDA:90,3,1,0
BRDA:101,4,0,0
BRDA:101,4,1,0
BRDA:101,5,0,0
BRDA:101,5,1,0
BRDA:111,6,0,0
BRDA:111,6,1,0
BRDA:154,7,0,0
BRDA:154,7,1,0
BRDA:173,8,0,2
BRDA:173,8,1,0
BRF:20
BRH:1
end_of_record
TN:
SF:src\shared\api\client.ts
FN:12,(anonymous_0)
FN:21,(anonymous_1)
FN:25,(anonymous_2)
FN:26,(anonymous_3)
FNF:4
FNH:0
FNDA:0,(anonymous_0)
FNDA:0,(anonymous_1)
FNDA:0,(anonymous_2)
FNDA:0,(anonymous_3)
DA:3,1
DA:11,1
DA:13,0
DA:15,0
DA:16,0
DA:19,0
DA:21,0
DA:24,1
DA:25,0
DA:27,0
DA:28,0
DA:30,0
DA:31,0
DA:34,0
DA:35,0
DA:36,0
DA:40,0
LF:17
LH:3
BRDA:15,0,0,0
BRDA:15,0,1,0
BRDA:30,1,0,0
BRDA:30,1,1,0
BRDA:34,2,0,0
BRDA:34,2,1,0
BRF:6
BRH:0
end_of_record
TN:
SF:src\shared\components\ui\alert-dialog.tsx
FN:16,(anonymous_0)
FN:31,(anonymous_1)
FN:46,(anonymous_2)
FN:51,(anonymous_3)
FN:59,(anonymous_4)
FN:67,(anonymous_5)
FN:75,(anonymous_6)
FN:83,(anonymous_7)
FNF:8
FNH:0
FNDA:0,(anonymous_0)
FNDA:0,(anonymous_1)
FNDA:0,(anonymous_2)
FNDA:0,(anonymous_3)
FNDA:0,(anonymous_4)
FNDA:0,(anonymous_5)
FNDA:0,(anonymous_6)
FNDA:0,(anonymous_7)
DA:7,1
DA:9,1
DA:11,1
DA:13,1
DA:16,0
DA:26,1
DA:28,1
DA:31,0
DA:44,1
DA:46,1
DA:49,1
DA:51,1
DA:54,1
DA:56,1
DA:59,0
DA:62,1
DA:64,1
DA:67,0
DA:70,1
DA:72,1
DA:75,0
DA:78,1
DA:80,1
DA:83,0
DA:90,1
LF:25
LH:19
BRF:0
BRH:0
end_of_record
TN:
SF:src\shared\components\ui\alert.tsx
FN:24,(anonymous_0)
FN:30,(anonymous_1)
FN:37,(anonymous_2)
FNF:3
FNH:0
FNDA:0,(anonymous_0)
FNDA:0,(anonymous_1)
FNDA:0,(anonymous_2)
DA:6,1
DA:21,1
DA:24,0
DA:27,1
DA:29,1
DA:30,0
DA:34,1
DA:36,1
DA:37,0
DA:41,1
LF:10
LH:7
BRF:0
BRH:0
end_of_record
TN:
SF:src\shared\components\ui\avatar.tsx
FN:9,(anonymous_0)
FN:21,(anonymous_1)
FN:29,(anonymous_2)
FNF:3
FNH:0
FNDA:0,(anonymous_0)
FNDA:0,(anonymous_1)
FNDA:0,(anonymous_2)
DA:6,1
DA:9,0
DA:16,1
DA:18,1
DA:21,0
DA:24,1
DA:26,1
DA:29,0
DA:36,1
LF:9
LH:6
BRF:0
BRH:0
end_of_record
TN:
SF:src\shared\components\ui\badge.tsx
FN:25,Badge
FNF:1
FNH:0
FNDA:0,Badge
DA:6,1
DA:26,0
LF:2
LH:1
BRF:0
BRH:0
end_of_record
TN:
SF:src\shared\components\ui\breadcrumb.tsx
FN:12,(anonymous_0)
FN:16,(anonymous_1)
FN:30,(anonymous_2)
FN:41,(anonymous_3)
FN:49,(anonymous_4)
FN:62,(anonymous_5)
FN:69,(anonymous_6)
FNF:7
FNH:0
FNDA:0,(anonymous_0)
FNDA:0,(anonymous_1)
FNDA:0,(anonymous_2)
FNDA:0,(anonymous_3)
FNDA:0,(anonymous_4)
FNDA:0,(anonymous_5)
FNDA:0,(anonymous_6)
DA:7,1
DA:12,0
DA:13,1
DA:15,1
DA:16,0
DA:27,1
DA:29,1
DA:30,0
DA:34,1
DA:36,1
DA:42,0
DA:44,0
DA:46,1
DA:48,1
DA:49,0
DA:60,1
DA:62,1
DA:67,1
DA:69,1
DA:80,1
LF:20
LH:14
BRDA:42,0,0,0
BRDA:42,0,1,0
BRDA:64,1,0,0
BRDA:64,1,1,0
BRF:4
BRH:0
end_of_record
TN:
SF:src\shared\components\ui\button.tsx
FN:44,(anonymous_0)
FNF:1
FNH:1
FNDA:1,(anonymous_0)
DA:7,1
DA:43,1
DA:45,1
DA:46,1
DA:49,1
LF:5
LH:5
BRDA:44,0,0,1
BRDA:45,1,0,0
BRDA:45,1,1,1
BRF:3
BRH:2
end_of_record
TN:
SF:src\shared\components\ui\calendar.tsx
FN:10,Calendar
FN:45,(anonymous_1)
FN:46,(anonymous_2)
FNF:3
FNH:0
FNDA:0,Calendar
FNDA:0,(anonymous_1)
FNDA:0,(anonymous_2)
DA:11,0
DA:45,0
DA:46,0
DA:52,1
LF:4
LH:1
BRDA:10,0,0,0
BRF:1
BRH:0
end_of_record
TN:
SF:src\shared\components\ui\card.tsx
FN:5,(anonymous_0)
FN:11,(anonymous_1)
FN:18,(anonymous_2)
FN:25,(anonymous_3)
FN:32,(anonymous_4)
FN:37,(anonymous_5)
FNF:6
FNH:5
FNDA:1,(anonymous_0)
FNDA:1,(anonymous_1)
FNDA:1,(anonymous_2)
FNDA:1,(anonymous_3)
FNDA:1,(anonymous_4)
FNDA:0,(anonymous_5)
DA:5,1
DA:8,1
DA:10,1
DA:11,1
DA:15,1
DA:17,1
DA:18,1
DA:22,1
DA:24,1
DA:25,1
DA:29,1
DA:31,1
DA:32,1
DA:34,1
DA:36,1
DA:37,0
DA:41,1
LF:17
LH:16
BRF:0
BRH:0
end_of_record
TN:
SF:src\shared\components\ui\dialog.tsx
FN:18,(anonymous_0)
FN:33,(anonymous_1)
FN:54,(anonymous_2)
FN:59,(anonymous_3)
FN:67,(anonymous_4)
FN:79,(anonymous_5)
FNF:6
FNH:0
FNDA:0,(anonymous_0)
FNDA:0,(anonymous_1)
FNDA:0,(anonymous_2)
FNDA:0,(anonymous_3)
FNDA:0,(anonymous_4)
FNDA:0,(anonymous_5)
DA:7,1
DA:9,1
DA:11,1
DA:13,1
DA:15,1
DA:18,0
DA:28,1
DA:30,1
DA:33,0
DA:52,1
DA:54,1
DA:57,1
DA:59,1
DA:62,1
DA:64,1
DA:67,0
DA:74,1
DA:76,1
DA:79,0
DA:82,1
LF:20
LH:16
BRF:0
BRH:0
end_of_record
TN:
SF:src\shared\components\ui\dropdown-menu.tsx
FN:24,(anonymous_0)
FN:43,(anonymous_1)
FN:58,(anonymous_2)
FN:78,(anonymous_3)
FN:94,(anonymous_4)
FN:117,(anonymous_5)
FN:141,(anonymous_6)
FN:153,(anonymous_7)
FN:158,(anonymous_8)
FNF:9
FNH:0
FNDA:0,(anonymous_0)
FNDA:0,(anonymous_1)
FNDA:0,(anonymous_2)
FNDA:0,(anonymous_3)
FNDA:0,(anonymous_4)
FNDA:0,(anonymous_5)
FNDA:0,(anonymous_6)
FNDA:0,(anonymous_7)
FNDA:0,(anonymous_8)
DA:7,1
DA:9,1
DA:11,1
DA:13,1
DA:15,1
DA:17,1
DA:19,1
DA:24,0
DA:38,1
DA:40,1
DA:43,0
DA:53,1
DA:55,1
DA:58,0
DA:71,1
DA:73,1
DA:78,0
DA:89,1
DA:91,1
DA:94,0
DA:112,1
DA:114,1
DA:117,0
DA:134,1
DA:136,1
DA:141,0
DA:148,1
DA:150,1
DA:153,0
DA:156,1
DA:158,1
DA:159,0
DA:161,1
LF:33
LH:24
BRDA:29,0,0,0
BRDA:29,0,1,0
BRDA:58,1,0,0
BRDA:83,2,0,0
BRDA:83,2,1,0
BRDA:144,3,0,0
BRDA:144,3,1,0
BRF:7
BRH:0
end_of_record
TN:
SF:src\shared\components\ui\form.tsx
FN:20,(anonymous_0)
FN:33,(anonymous_1)
FN:63,(anonymous_2)
FN:78,(anonymous_3)
FN:86,(anonymous_4)
FN:103,(anonymous_5)
FN:112,(anonymous_6)
FNF:7
FNH:0
FNDA:0,(anonymous_0)
FNDA:0,(anonymous_1)
FNDA:0,(anonymous_2)
FNDA:0,(anonymous_3)
FNDA:0,(anonymous_4)
FNDA:0,(anonymous_5)
FNDA:0,(anonymous_6)
DA:9,1
DA:18,1
DA:20,1
DA:26,0
DA:33,1
DA:34,0
DA:35,0
DA:36,0
DA:38,0
DA:40,0
DA:41,0
DA:44,0
DA:46,0
DA:60,1
DA:62,1
DA:64,0
DA:66,0
DA:73,1
DA:75,1
DA:79,0
DA:81,0
DA:83,1
DA:85,1
DA:87,0
DA:89,0
DA:100,1
DA:102,1
DA:104,0
DA:106,0
DA:109,1
DA:111,1
DA:113,0
DA:114,0
DA:116,0
DA:117,0
DA:120,0
DA:127,1
LF:37
LH:15
BRDA:40,0,0,0
BRDA:40,0,1,0
BRDA:81,1,0,0
BRDA:81,1,1,0
BRDA:93,2,0,0
BRDA:93,2,1,0
BRDA:114,3,0,0
BRDA:114,3,1,0
BRDA:116,4,0,0
BRDA:116,4,1,0
BRF:10
BRH:0
end_of_record
TN:
SF:src\shared\components\ui\input.tsx
FN:6,(anonymous_0)
FNF:1
FNH:1
FNDA:2,(anonymous_0)
DA:5,1
DA:7,2
DA:20,1
LF:3
LH:3
BRF:0
BRH:0
end_of_record
TN:
SF:src\shared\components\ui\label.tsx
FN:12,(anonymous_0)
FNF:1
FNH:1
FNDA:2,(anonymous_0)
DA:7,1
DA:9,1
DA:12,2
DA:15,1
LF:4
LH:4
BRF:0
BRH:0
end_of_record
TN:
SF:src\shared\components\ui\popover.tsx
FN:13,(anonymous_0)
FNF:1
FNH:0
FNDA:0,(anonymous_0)
DA:6,1
DA:8,1
DA:10,1
DA:13,0
DA:27,1
LF:5
LH:4
BRDA:13,0,0,0
BRDA:13,1,0,0
BRF:2
BRH:0
end_of_record
TN:
SF:src\shared\components\ui\progress.tsx
FN:9,(anonymous_0)
FNF:1
FNH:0
FNDA:0,(anonymous_0)
DA:6,1
DA:9,0
DA:21,1
LF:3
LH:2
BRDA:17,0,0,0
BRDA:17,0,1,0
BRF:2
BRH:0
end_of_record
TN:
SF:src\shared\components\ui\select.tsx
FN:16,(anonymous_0)
FN:36,(anonymous_1)
FN:50,(anonymous_2)
FN:64,(anonymous_3)
FN:96,(anonymous_4)
FN:104,(anonymous_5)
FN:127,(anonymous_6)
FNF:7
FNH:0
FNDA:0,(anonymous_0)
FNDA:0,(anonymous_1)
FNDA:0,(anonymous_2)
FNDA:0,(anonymous_3)
FNDA:0,(anonymous_4)
FNDA:0,(anonymous_5)
FNDA:0,(anonymous_6)
DA:7,1
DA:9,1
DA:11,1
DA:13,1
DA:16,0
DA:31,1
DA:33,1
DA:36,0
DA:45,1
DA:47,1
DA:50,0
DA:59,1
DA:61,1
DA:64,0
DA:91,1
DA:93,1
DA:96,0
DA:99,1
DA:101,1
DA:104,0
DA:122,1
DA:124,1
DA:127,0
DA:130,1
LF:24
LH:17
BRDA:64,0,0,0
BRDA:70,1,0,0
BRDA:70,1,1,0
BRDA:81,2,0,0
BRDA:81,2,1,0
BRF:5
BRH:0
end_of_record
TN:
SF:src\shared\components\ui\separator.tsx
FN:9,(anonymous_0)
FNF:1
FNH:0
FNDA:0,(anonymous_0)
DA:6,1
DA:9,0
DA:18,1
LF:3
LH:2
BRDA:9,0,0,0
BRDA:9,1,0,0
BRDA:14,2,0,0
BRDA:14,2,1,0
BRF:4
BRH:0
end_of_record
TN:
SF:src\shared\components\ui\sheet.tsx
FN:19,(anonymous_0)
FN:55,(anonymous_1)
FN:70,(anonymous_2)
FN:75,(anonymous_3)
FN:83,(anonymous_4)
FN:91,(anonymous_5)
FNF:6
FNH:0
FNDA:0,(anonymous_0)
FNDA:0,(anonymous_1)
FNDA:0,(anonymous_2)
FNDA:0,(anonymous_3)
FNDA:0,(anonymous_4)
FNDA:0,(anonymous_5)
DA:8,1
DA:10,1
DA:12,1
DA:14,1
DA:16,1
DA:19,0
DA:29,1
DA:31,1
DA:54,1
DA:55,0
DA:68,1
DA:70,1
DA:73,1
DA:75,1
DA:78,1
DA:80,1
DA:83,0
DA:86,1
DA:88,1
DA:91,0
DA:94,1
LF:21
LH:17
BRDA:55,0,0,0
BRF:1
BRH:0
end_of_record
TN:
SF:src\shared\components\ui\sidebar.tsx
FN:34,useSidebar
FN:50,(anonymous_1)
FN:59,(anonymous_2)
FN:74,(anonymous_3)
FN:75,(anonymous_4)
FN:75,(anonymous_5)
FN:79,(anonymous_6)
FN:80,(anonymous_7)
FN:88,(anonymous_8)
FN:96,(anonymous_9)
FN:138,(anonymous_10)
FN:220,(anonymous_11)
FN:230,(anonymous_12)
FN:245,(anonymous_13)
FN:272,(anonymous_14)
FN:288,(anonymous_15)
FN:304,(anonymous_16)
FN:309,(anonymous_17)
FN:315,(anonymous_18)
FN:328,(anonymous_19)
FN:343,(anonymous_20)
FN:356,(anonymous_21)
FN:376,(anonymous_22)
FN:398,(anonymous_23)
FN:404,(anonymous_24)
FN:409,(anonymous_25)
FN:443,(anonymous_26)
FN:483,(anonymous_27)
FN:509,(anonymous_28)
FN:533,(anonymous_29)
FN:535,(anonymous_30)
FN:562,(anonymous_31)
FN:577,(anonymous_32)
FN:589,(anonymous_33)
FNF:34
FNH:0
FNDA:0,useSidebar
FNDA:0,(anonymous_1)
FNDA:0,(anonymous_2)
FNDA:0,(anonymous_3)
FNDA:0,(anonymous_4)
FNDA:0,(anonymous_5)
FNDA:0,(anonymous_6)
FNDA:0,(anonymous_7)
FNDA:0,(anonymous_8)
FNDA:0,(anonymous_9)
FNDA:0,(anonymous_10)
FNDA:0,(anonymous_11)
FNDA:0,(anonymous_12)
FNDA:0,(anonymous_13)
FNDA:0,(anonymous_14)
FNDA:0,(anonymous_15)
FNDA:0,(anonymous_16)
FNDA:0,(anonymous_17)
FNDA:0,(anonymous_18)
FNDA:0,(anonymous_19)
FNDA:0,(anonymous_20)
FNDA:0,(anonymous_21)
FNDA:0,(anonymous_22)
FNDA:0,(anonymous_23)
FNDA:0,(anonymous_24)
FNDA:0,(anonymous_25)
FNDA:0,(anonymous_26)
FNDA:0,(anonymous_27)
FNDA:0,(anonymous_28)
FNDA:0,(anonymous_29)
FNDA:0,(anonymous_30)
FNDA:0,(anonymous_31)
FNDA:0,(anonymous_32)
FNDA:0,(anonymous_33)
DA:15,1
DA:16,1
DA:17,1
DA:18,1
DA:19,1
DA:20,1
DA:32,1
DA:35,0
DA:36,0
DA:37,0
DA:40,0
DA:43,1
DA:51,0
DA:52,0
DA:56,0
DA:57,0
DA:58,0
DA:60,0
DA:61,0
DA:62,0
DA:64,0
DA:68,0
DA:74,0
DA:75,0
DA:79,0
DA:80,0
DA:81,0
DA:82,0
DA:83,0
DA:87,0
DA:88,0
DA:93,0
DA:95,0
DA:96,0
DA:108,0
DA:129,1
DA:131,1
DA:139,0
DA:141,0
DA:142,0
DA:153,0
DA:154,0
DA:173,0
DA:217,1
DA:219,1
DA:221,0
DA:223,0
DA:231,0
DA:232,0
DA:242,1
DA:244,1
DA:246,0
DA:248,0
DA:270,1
DA:272,1
DA:273,0
DA:285,1
DA:287,1
DA:289,0
DA:302,1
DA:304,1
DA:305,0
DA:307,1
DA:309,1
DA:310,0
DA:312,1
DA:314,1
DA:316,0
DA:326,1
DA:328,1
DA:329,0
DA:341,1
DA:343,1
DA:344,0
DA:353,1
DA:355,1
DA:357,0
DA:359,0
DA:373,1
DA:375,1
DA:377,0
DA:379,0
DA:395,1
DA:397,1
DA:398,0
DA:402,1
DA:404,1
DA:407,1
DA:409,1
DA:412,1
DA:414,1
DA:436,1
DA:444,0
DA:445,0
DA:447,0
DA:458,0
DA:459,0
DA:462,0
DA:463,0
DA:468,0
DA:475,1
DA:477,1
DA:484,0
DA:486,0
DA:506,1
DA:508,1
DA:509,0
DA:526,1
DA:528,1
DA:535,0
DA:536,0
DA:539,0
DA:559,1
DA:561,1
DA:562,0
DA:575,1
DA:577,1
DA:580,1
DA:582,1
DA:590,0
DA:592,0
DA:610,1
LF:122
LH:54
BRDA:36,0,0,0
BRDA:36,0,1,0
BRDA:50,1,0,0
BRDA:57,2,0,0
BRDA:57,2,1,0
BRDA:60,3,0,0
BRDA:60,3,1,0
BRDA:61,4,0,0
BRDA:61,4,1,0
BRDA:75,5,0,0
BRDA:75,5,1,0
BRDA:81,6,0,0
BRDA:81,6,1,0
BRDA:81,7,0,0
BRDA:81,7,1,0
BRDA:81,7,2,0
BRDA:93,8,0,0
BRDA:93,8,1,0
BRDA:138,9,0,0
BRDA:138,10,0,0
BRDA:138,11,0,0
BRDA:141,12,0,0
BRDA:141,12,1,0
BRDA:153,13,0,0
BRDA:153,13,1,0
BRDA:178,14,0,0
BRDA:178,14,1,0
BRDA:188,15,0,0
BRDA:188,15,1,0
BRDA:188,16,0,0
BRDA:188,16,1,0
BRDA:196,17,0,0
BRDA:196,17,1,0
BRDA:200,18,0,0
BRDA:200,18,1,0
BRDA:200,19,0,0
BRDA:200,19,1,0
BRDA:356,20,0,0
BRDA:357,21,0,0
BRDA:357,21,1,0
BRDA:376,22,0,0
BRDA:377,23,0,0
BRDA:377,23,1,0
BRDA:443,24,0,0
BRDA:443,25,0,0
BRDA:443,26,0,0
BRDA:443,27,0,0
BRDA:444,28,0,0
BRDA:444,28,1,0
BRDA:458,29,0,0
BRDA:458,29,1,0
BRDA:462,30,0,0
BRDA:462,30,1,0
BRDA:471,31,0,0
BRDA:471,31,1,0
BRDA:483,32,0,0
BRDA:483,33,0,0
BRDA:484,34,0,0
BRDA:484,34,1,0
BRDA:498,35,0,0
BRDA:498,35,1,0
BRDA:533,36,0,0
BRDA:546,37,0,0
BRDA:546,37,1,0
BRDA:589,38,0,0
BRDA:589,39,0,0
BRDA:590,40,0,0
BRDA:590,40,1,0
BRDA:601,41,0,0
BRDA:601,41,1,0
BRDA:602,42,0,0
BRDA:602,42,1,0
BRF:72
BRH:0
end_of_record
TN:
SF:src\shared\components\ui\skeleton.tsx
FN:3,Skeleton
FNF:1
FNH:0
FNDA:0,Skeleton
DA:4,0
LF:1
LH:0
BRF:0
BRH:0
end_of_record
TN:
SF:src\shared\components\ui\table.tsx
FN:6,(anonymous_0)
FN:15,(anonymous_1)
FN:20,(anonymous_2)
FN:27,(anonymous_3)
FN:34,(anonymous_4)
FN:45,(anonymous_5)
FN:59,(anonymous_6)
FN:66,(anonymous_7)
FNF:8
FNH:0
FNDA:0,(anonymous_0)
FNDA:0,(anonymous_1)
FNDA:0,(anonymous_2)
FNDA:0,(anonymous_3)
FNDA:0,(anonymous_4)
FNDA:0,(anonymous_5)
FNDA:0,(anonymous_6)
FNDA:0,(anonymous_7)
DA:5,1
DA:6,0
DA:12,1
DA:14,1
DA:15,0
DA:17,1
DA:19,1
DA:20,0
DA:24,1
DA:26,1
DA:27,0
DA:31,1
DA:33,1
DA:34,0
DA:42,1
DA:44,1
DA:45,0
DA:56,1
DA:58,1
DA:59,0
DA:63,1
DA:65,1
DA:66,0
DA:70,1
LF:24
LH:16
BRF:0
BRH:0
end_of_record
TN:
SF:src\shared\components\ui\tabs.tsx
FN:11,(anonymous_0)
FN:26,(anonymous_1)
FN:41,(anonymous_2)
FNF:3
FNH:0
FNDA:0,(anonymous_0)
FNDA:0,(anonymous_1)
FNDA:0,(anonymous_2)
DA:6,1
DA:8,1
DA:11,0
DA:21,1
DA:23,1
DA:26,0
DA:36,1
DA:38,1
DA:41,0
DA:51,1
LF:10
LH:7
BRF:0
BRH:0
end_of_record
TN:
SF:src\shared\components\ui\textarea.tsx
FN:7,(anonymous_0)
FNF:1
FNH:0
FNDA:0,(anonymous_0)
DA:7,1
DA:8,0
DA:19,1
LF:3
LH:2
BRF:0
BRH:0
end_of_record
TN:
SF:src\shared\components\ui\toast.tsx
FN:13,(anonymous_0)
FN:43,(anonymous_1)
FN:51,(anonymous_2)
FN:66,(anonymous_3)
FN:84,(anonymous_4)
FN:92,(anonymous_5)
FNF:6
FNH:1
FNDA:1,(anonymous_0)
FNDA:0,(anonymous_1)
FNDA:0,(anonymous_2)
FNDA:0,(anonymous_3)
FNDA:0,(anonymous_4)
FNDA:0,(anonymous_5)
DA:8,1
DA:10,1
DA:13,1
DA:23,1
DA:25,1
DA:40,1
DA:44,0
DA:46,1
DA:48,1
DA:51,0
DA:61,1
DA:63,1
DA:66,0
DA:79,1
DA:81,1
DA:84,0
DA:87,1
DA:89,1
DA:92,0
DA:95,1
LF:20
LH:15
BRF:0
BRH:0
end_of_record
TN:
SF:src\shared\components\ui\toaster.tsx
FN:4,Toaster
FN:9,(anonymous_1)
FNF:2
FNH:1
FNDA:1,Toaster
FNDA:0,(anonymous_1)
DA:5,1
DA:7,1
DA:10,0
LF:3
LH:2
BRDA:13,0,0,0
BRDA:13,0,1,0
BRDA:14,1,0,0
BRDA:14,1,1,0
BRF:4
BRH:0
end_of_record
TN:
SF:src\shared\components\ui\tooltip.tsx
FN:15,(anonymous_0)
FNF:1
FNH:0
FNDA:0,(anonymous_0)
DA:6,1
DA:8,1
DA:10,1
DA:12,1
DA:15,0
DA:26,1
LF:6
LH:5
BRDA:15,0,0,0
BRF:1
BRH:0
end_of_record
TN:
SF:src\shared\layout\AppTopbar.tsx
FN:43,(anonymous_0)
FN:49,(anonymous_1)
FN:57,(anonymous_2)
FN:58,(anonymous_3)
FN:66,(anonymous_4)
FN:107,(anonymous_5)
FN:130,(anonymous_6)
FN:156,(anonymous_7)
FN:200,(anonymous_8)
FNF:9
FNH:0
FNDA:0,(anonymous_0)
FNDA:0,(anonymous_1)
FNDA:0,(anonymous_2)
FNDA:0,(anonymous_3)
FNDA:0,(anonymous_4)
FNDA:0,(anonymous_5)
FNDA:0,(anonymous_6)
FNDA:0,(anonymous_7)
FNDA:0,(anonymous_8)
DA:43,1
DA:44,0
DA:45,0
DA:46,0
DA:47,0
DA:49,0
DA:50,0
DA:51,0
DA:53,0
DA:57,0
DA:58,0
DA:59,0
DA:61,0
DA:66,0
DA:67,0
DA:68,0
DA:71,0
DA:72,0
DA:74,0
DA:75,0
DA:76,0
DA:77,0
DA:80,0
DA:87,0
DA:90,0
DA:93,0
DA:94,0
DA:97,0
DA:107,0
DA:108,0
DA:110,0
DA:111,0
DA:112,0
DA:113,0
DA:114,0
DA:115,0
DA:116,0
DA:119,0
DA:121,0
DA:130,0
DA:156,0
DA:200,0
LF:42
LH:1
BRDA:74,0,0,0
BRDA:74,0,1,0
BRDA:74,1,0,0
BRDA:74,1,1,0
BRDA:74,1,2,0
BRDA:76,2,0,0
BRDA:76,2,1,0
BRDA:94,3,0,0
BRDA:94,3,1,0
BRDA:108,4,0,0
BRDA:108,4,1,0
BRDA:111,5,0,0
BRDA:111,5,1,0
BRDA:112,6,0,0
BRDA:112,6,1,0
BRDA:113,7,0,0
BRDA:113,7,1,0
BRDA:114,8,0,0
BRDA:114,8,1,0
BRDA:115,9,0,0
BRDA:115,9,1,0
BRDA:127,10,0,0
BRDA:127,10,1,0
BRDA:133,11,0,0
BRDA:133,11,1,0
BRDA:141,12,0,0
BRDA:141,12,1,0
BRDA:165,13,0,0
BRDA:165,13,1,0
BRDA:165,13,2,0
BRDA:196,14,0,0
BRDA:196,14,1,0
BRDA:196,14,2,0
BRF:33
BRH:0
end_of_record
TN:
SF:src\shared\layout\DashboardLayout.tsx
FN:6,(anonymous_0)
FNF:1
FNH:0
FNDA:0,(anonymous_0)
DA:6,1
DA:7,0
LF:2
LH:1
BRF:0
BRH:0
end_of_record
TN:
SF:src\shared\layout\ProjectLayout.tsx
FN:18,(anonymous_0)
FN:23,(anonymous_1)
FN:29,(anonymous_2)
FN:38,(anonymous_3)
FN:95,(anonymous_4)
FNF:5
FNH:0
FNDA:0,(anonymous_0)
FNDA:0,(anonymous_1)
FNDA:0,(anonymous_2)
FNDA:0,(anonymous_3)
FNDA:0,(anonymous_4)
DA:9,1
DA:18,1
DA:19,0
DA:20,0
DA:21,0
DA:23,0
DA:24,0
DA:25,0
DA:29,0
DA:31,0
DA:32,0
DA:35,0
DA:38,0
DA:39,0
DA:40,0
DA:42,0
DA:45,0
DA:48,0
DA:50,0
DA:95,0
LF:20
LH:2
BRDA:24,0,0,0
BRDA:24,0,1,0
BRDA:32,1,0,0
BRDA:32,1,1,0
BRDA:39,2,0,0
BRDA:39,2,1,0
BRDA:39,3,0,0
BRDA:39,3,1,0
BRDA:39,3,2,0
BRDA:45,4,0,0
BRDA:45,4,1,0
BRDA:55,5,0,0
BRDA:55,5,1,0
BRDA:62,6,0,0
BRDA:62,6,1,0
BRDA:64,7,0,0
BRDA:64,7,1,0
BRDA:68,8,0,0
BRDA:68,8,1,0
BRDA:69,9,0,0
BRDA:69,9,1,0
BRDA:72,10,0,0
BRDA:72,10,1,0
BRDA:78,11,0,0
BRDA:78,11,1,0
BRDA:81,12,0,0
BRDA:81,12,1,0
BRDA:87,13,0,0
BRDA:87,13,1,0
BRDA:103,14,0,0
BRDA:103,14,1,0
BRF:31
BRH:0
end_of_record
TN:
SF:src\shared\lib\utils.ts
FN:4,cn
FNF:1
FNH:1
FNDA:11,cn
DA:5,11
LF:1
LH:1
BRF:0
BRH:0
end_of_record
