TN:
SF:config\database.js
FN:18,(anonymous_0)
FNF:1
FNH:0
FNDA:0,(anonymous_0)
DA:1,0
DA:4,0
DA:15,0
DA:18,0
DA:20,0
LF:5
LH:0
BRDA:5,0,0,0
BRDA:5,0,1,0
BRDA:6,1,0,0
BRDA:6,1,1,0
BRDA:7,2,0,0
BRDA:7,2,1,0
BRDA:8,3,0,0
BRDA:8,3,1,0
BRF:8
BRH:0
end_of_record
TN:
SF:models\backlog.model.js
FN:4,(anonymous_0)
FN:13,(anonymous_1)
FN:34,(anonymous_2)
FN:52,(anonymous_3)
FN:59,(anonymous_4)
FN:67,(anonymous_5)
FN:72,(anonymous_6)
FN:73,(anonymous_7)
FN:89,(anonymous_8)
FN:96,(anonymous_9)
FN:104,(anonymous_10)
FN:112,(anonymous_11)
FN:124,(anonymous_12)
FNF:13
FNH:12
FNDA:2,(anonymous_0)
FNDA:1,(anonymous_1)
FNDA:2,(anonymous_2)
FNDA:1,(anonymous_3)
FNDA:2,(anonymous_4)
FNDA:4,(anonymous_5)
FNDA:6,(anonymous_6)
FNDA:2,(anonymous_7)
FNDA:4,(anonymous_8)
FNDA:0,(anonymous_9)
FNDA:1,(anonymous_10)
FNDA:2,(anonymous_11)
FNDA:1,(anonymous_12)
DA:1,2
DA:2,2
DA:4,2
DA:5,2
DA:13,2
DA:14,1
DA:17,2
DA:32,2
DA:34,2
DA:35,2
DA:36,2
DA:38,2
DA:39,2
DA:40,2
DA:43,2
DA:44,2
DA:45,2
DA:48,2
DA:49,2
DA:52,2
DA:53,1
DA:59,2
DA:60,2
DA:61,2
DA:67,2
DA:68,4
DA:69,4
DA:71,4
DA:72,6
DA:74,2
DA:75,2
DA:78,4
DA:80,2
DA:82,2
DA:89,2
DA:90,4
DA:91,2
DA:93,2
DA:96,2
DA:97,0
DA:104,2
DA:105,1
DA:112,2
DA:113,2
DA:120,2
DA:121,2
DA:122,2
DA:124,2
DA:125,1
LF:49
LH:48
BRDA:34,0,0,0
BRDA:38,1,0,2
BRDA:38,1,1,0
BRDA:43,2,0,2
BRDA:43,2,1,0
BRDA:63,3,0,2
BRDA:63,3,1,2
BRDA:63,4,0,2
BRDA:63,4,1,2
BRDA:63,5,0,2
BRDA:63,5,1,2
BRDA:63,6,0,2
BRDA:63,6,1,2
BRDA:63,7,0,2
BRDA:63,7,1,2
BRDA:72,8,0,6
BRDA:72,8,1,5
BRDA:78,9,0,2
BRDA:78,9,1,2
BRDA:90,10,0,2
BRDA:90,10,1,2
BRF:21
BRH:18
end_of_record
TN:
SF:models\comment.model.js
FN:3,(anonymous_0)
FN:14,(anonymous_1)
FN:25,(anonymous_2)
FNF:3
FNH:3
FNDA:3,(anonymous_0)
FNDA:1,(anonymous_1)
FNDA:1,(anonymous_2)
DA:1,2
DA:3,2
DA:4,3
DA:5,3
DA:6,2
DA:8,1
DA:14,2
DA:15,1
DA:25,2
DA:26,1
LF:10
LH:10
BRDA:5,0,0,2
BRDA:5,0,1,1
BRDA:5,1,0,3
BRDA:5,1,1,3
BRF:4
BRH:4
end_of_record
TN:
SF:models\dashboard.model.js
FN:3,(anonymous_0)
FN:16,(anonymous_1)
FN:31,(anonymous_2)
FN:42,(anonymous_3)
FN:53,(anonymous_4)
FNF:5
FNH:5
FNDA:1,(anonymous_0)
FNDA:1,(anonymous_1)
FNDA:1,(anonymous_2)
FNDA:1,(anonymous_3)
FNDA:1,(anonymous_4)
DA:1,1
DA:3,1
DA:4,1
DA:16,1
DA:17,1
DA:31,1
DA:32,1
DA:42,1
DA:43,1
DA:53,1
DA:54,1
LF:11
LH:11
BRF:0
BRH:0
end_of_record
TN:
SF:models\project.model.js
FN:5,(anonymous_0)
FN:11,(anonymous_1)
FN:18,(anonymous_2)
FN:32,(anonymous_3)
FN:53,(anonymous_4)
FN:60,(anonymous_5)
FN:67,(anonymous_6)
FN:83,(anonymous_7)
FN:92,(anonymous_8)
FN:102,(anonymous_9)
FNF:10
FNH:7
FNDA:1,(anonymous_0)
FNDA:1,(anonymous_1)
FNDA:3,(anonymous_2)
FNDA:1,(anonymous_3)
FNDA:0,(anonymous_4)
FNDA:1,(anonymous_5)
FNDA:3,(anonymous_6)
FNDA:1,(anonymous_7)
FNDA:0,(anonymous_8)
FNDA:0,(anonymous_9)
DA:1,2
DA:5,2
DA:6,1
DA:11,2
DA:12,1
DA:18,2
DA:19,3
DA:21,3
DA:22,2
DA:25,1
DA:32,2
DA:33,1
DA:53,2
DA:54,0
DA:60,2
DA:61,1
DA:67,2
DA:68,3
DA:69,3
DA:70,3
DA:71,2
DA:74,1
DA:83,2
DA:84,1
DA:86,1
DA:92,2
DA:93,0
DA:102,2
DA:103,0
LF:29
LH:26
BRDA:21,0,0,2
BRDA:21,0,1,1
BRDA:21,1,0,3
BRDA:21,1,1,1
BRDA:70,2,0,2
BRDA:70,2,1,1
BRDA:70,3,0,3
BRDA:70,3,1,3
BRF:8
BRH:8
end_of_record
TN:
SF:models\retrospective.model.js
FN:4,(anonymous_0)
FN:8,(anonymous_1)
FN:16,(anonymous_2)
FN:20,(anonymous_3)
FN:32,(anonymous_4)
FN:36,(anonymous_5)
FN:44,(anonymous_6)
FN:48,(anonymous_7)
FN:52,(anonymous_8)
FN:56,(anonymous_9)
FNF:10
FNH:8
FNDA:1,(anonymous_0)
FNDA:1,(anonymous_1)
FNDA:1,(anonymous_2)
FNDA:1,(anonymous_3)
FNDA:0,(anonymous_4)
FNDA:1,(anonymous_5)
FNDA:1,(anonymous_6)
FNDA:0,(anonymous_7)
FNDA:1,(anonymous_8)
FNDA:1,(anonymous_9)
DA:1,1
DA:4,1
DA:5,1
DA:8,1
DA:9,1
DA:10,1
DA:16,1
DA:17,1
DA:20,1
DA:21,1
DA:32,1
DA:33,0
DA:36,1
DA:37,1
DA:38,1
DA:44,1
DA:45,1
DA:48,1
DA:49,0
DA:52,1
DA:53,1
DA:56,1
DA:57,1
LF:23
LH:21
BRDA:12,0,0,1
BRDA:12,0,1,1
BRDA:40,1,0,1
BRDA:40,1,1,0
BRF:4
BRH:3
end_of_record
TN:
SF:models\sprint.model.js
FN:13,(anonymous_0)
FN:23,(anonymous_1)
FN:27,(anonymous_2)
FN:35,(anonymous_3)
FN:44,(anonymous_4)
FN:49,(anonymous_5)
FN:50,(anonymous_6)
FN:65,(anonymous_7)
FN:71,(anonymous_8)
FNF:9
FNH:8
FNDA:1,(anonymous_0)
FNDA:0,(anonymous_1)
FNDA:1,(anonymous_2)
FNDA:1,(anonymous_3)
FNDA:2,(anonymous_4)
FNDA:4,(anonymous_5)
FNDA:2,(anonymous_6)
FNDA:1,(anonymous_7)
FNDA:1,(anonymous_8)
DA:1,1
DA:3,1
DA:13,1
DA:14,1
DA:23,1
DA:24,0
DA:27,1
DA:28,1
DA:29,1
DA:35,1
DA:36,1
DA:37,1
DA:44,1
DA:45,2
DA:46,2
DA:48,2
DA:49,4
DA:51,2
DA:52,2
DA:55,2
DA:57,1
DA:59,1
DA:65,1
DA:66,1
DA:67,1
DA:68,0
DA:71,1
DA:72,1
LF:28
LH:26
BRDA:31,0,0,1
BRDA:31,0,1,1
BRDA:31,1,0,1
BRDA:31,1,1,1
BRDA:31,2,0,0
BRDA:31,2,1,1
BRDA:49,3,0,4
BRDA:49,3,1,4
BRDA:55,4,0,1
BRDA:55,4,1,1
BRDA:67,5,0,1
BRDA:67,5,1,0
BRF:12
BRH:10
end_of_record
TN:
SF:models\user.model.js
FN:4,(anonymous_0)
FN:8,(anonymous_1)
FNF:2
FNH:2
FNDA:1,(anonymous_0)
FNDA:4,(anonymous_1)
DA:1,2
DA:2,2
DA:4,2
DA:5,1
DA:8,2
DA:9,4
DA:10,4
DA:11,2
DA:14,2
DA:15,2
DA:19,2
LF:11
LH:11
BRDA:10,0,0,2
BRDA:10,0,1,2
BRDA:10,1,0,4
BRDA:10,1,1,2
BRDA:14,2,0,2
BRDA:14,2,1,1
BRDA:15,3,0,1
BRDA:15,3,1,1
BRF:8
BRH:8
end_of_record
TN:
SF:models\utils.js
FN:4,(anonymous_0)
FN:13,(anonymous_1)
FN:31,(anonymous_2)
FNF:3
FNH:3
FNDA:3,(anonymous_0)
FNDA:5,(anonymous_1)
FNDA:2,(anonymous_2)
DA:1,3
DA:4,3
DA:5,3
DA:6,3
DA:13,3
DA:14,5
DA:15,2
DA:21,3
DA:22,2
DA:28,1
DA:31,3
DA:32,2
DA:39,3
LF:13
LH:13
BRDA:5,0,0,2
BRDA:5,0,1,1
BRDA:14,1,0,2
BRDA:14,1,1,3
BRDA:21,2,0,2
BRDA:21,2,1,1
BRF:6
BRH:6
end_of_record
