TN:
SF:config\database.js
FN:18,(anonymous_0)
FNF:1
FNH:1
FNDA:9,(anonymous_0)
DA:1,9
DA:4,9
DA:15,9
DA:18,9
DA:20,9
LF:5
LH:5
BRDA:5,0,0,9
BRDA:5,0,1,9
BRDA:6,1,0,9
BRDA:6,1,1,9
BRDA:7,2,0,9
BRDA:7,2,1,9
BRDA:8,3,0,9
BRDA:8,3,1,9
BRF:8
BRH:8
end_of_record
TN:
SF:models\backlog.model.js
FN:4,(anonymous_0)
FN:13,(anonymous_1)
FN:34,(anonymous_2)
FN:52,(anonymous_3)
FN:59,(anonymous_4)
FN:67,(anonymous_5)
FN:72,(anonymous_6)
FN:73,(anonymous_7)
FN:89,(anonymous_8)
FN:96,(anonymous_9)
FN:104,(anonymous_10)
FN:112,(anonymous_11)
FN:124,(anonymous_12)
FNF:13
FNH:12
FNDA:2,(anonymous_0)
FNDA:1,(anonymous_1)
FNDA:1,(anonymous_2)
FNDA:1,(anonymous_3)
FNDA:1,(anonymous_4)
FNDA:2,(anonymous_5)
FNDA:2,(anonymous_6)
FNDA:1,(anonymous_7)
FNDA:2,(anonymous_8)
FNDA:0,(anonymous_9)
FNDA:1,(anonymous_10)
FNDA:1,(anonymous_11)
FNDA:1,(anonymous_12)
DA:1,2
DA:2,2
DA:4,2
DA:5,2
DA:13,2
DA:14,1
DA:17,2
DA:32,2
DA:34,2
DA:35,1
DA:36,1
DA:38,1
DA:39,1
DA:40,1
DA:43,1
DA:44,1
DA:45,1
DA:48,1
DA:49,1
DA:52,2
DA:53,1
DA:59,2
DA:60,1
DA:61,1
DA:67,2
DA:68,2
DA:69,2
DA:71,2
DA:72,2
DA:74,1
DA:75,1
DA:78,2
DA:80,1
DA:82,1
DA:89,2
DA:90,2
DA:91,1
DA:93,1
DA:96,2
DA:97,0
DA:104,2
DA:105,1
DA:112,2
DA:113,1
DA:120,2
DA:121,2
DA:122,2
DA:124,2
DA:125,1
LF:49
LH:48
BRDA:34,0,0,0
BRDA:38,1,0,1
BRDA:38,1,1,0
BRDA:43,2,0,1
BRDA:43,2,1,0
BRDA:63,3,0,1
BRDA:63,3,1,1
BRDA:63,4,0,1
BRDA:63,4,1,1
BRDA:63,5,0,1
BRDA:63,5,1,1
BRDA:63,6,0,1
BRDA:63,6,1,1
BRDA:63,7,0,1
BRDA:63,7,1,1
BRDA:72,8,0,2
BRDA:72,8,1,2
BRDA:78,9,0,1
BRDA:78,9,1,1
BRDA:90,10,0,1
BRDA:90,10,1,1
BRF:21
BRH:18
end_of_record
TN:
SF:models\comment.model.js
FN:3,(anonymous_0)
FN:14,(anonymous_1)
FN:25,(anonymous_2)
FNF:3
FNH:2
FNDA:1,(anonymous_0)
FNDA:1,(anonymous_1)
FNDA:0,(anonymous_2)
DA:1,2
DA:3,2
DA:4,1
DA:5,1
DA:6,1
DA:8,0
DA:14,2
DA:15,1
DA:25,2
DA:26,0
LF:10
LH:8
BRDA:5,0,0,1
BRDA:5,0,1,0
BRDA:5,1,0,1
BRDA:5,1,1,1
BRF:4
BRH:3
end_of_record
TN:
SF:models\dashboard.model.js
FN:3,(anonymous_0)
FN:16,(anonymous_1)
FN:31,(anonymous_2)
FN:42,(anonymous_3)
FN:53,(anonymous_4)
FNF:5
FNH:1
FNDA:1,(anonymous_0)
FNDA:0,(anonymous_1)
FNDA:0,(anonymous_2)
FNDA:0,(anonymous_3)
FNDA:0,(anonymous_4)
DA:1,1
DA:3,1
DA:4,1
DA:16,1
DA:17,0
DA:31,1
DA:32,0
DA:42,1
DA:43,0
DA:53,1
DA:54,0
LF:11
LH:7
BRF:0
BRH:0
end_of_record
TN:
SF:models\project.model.js
FN:5,(anonymous_0)
FN:11,(anonymous_1)
FN:18,(anonymous_2)
FN:32,(anonymous_3)
FN:53,(anonymous_4)
FN:60,(anonymous_5)
FN:67,(anonymous_6)
FN:83,(anonymous_7)
FN:92,(anonymous_8)
FN:102,(anonymous_9)
FNF:10
FNH:3
FNDA:0,(anonymous_0)
FNDA:1,(anonymous_1)
FNDA:1,(anonymous_2)
FNDA:0,(anonymous_3)
FNDA:0,(anonymous_4)
FNDA:0,(anonymous_5)
FNDA:1,(anonymous_6)
FNDA:0,(anonymous_7)
FNDA:0,(anonymous_8)
FNDA:0,(anonymous_9)
DA:1,2
DA:5,2
DA:6,0
DA:11,2
DA:12,1
DA:18,2
DA:19,1
DA:21,1
DA:22,1
DA:25,0
DA:32,2
DA:33,0
DA:53,2
DA:54,0
DA:60,2
DA:61,0
DA:67,2
DA:68,1
DA:69,1
DA:70,1
DA:71,1
DA:74,0
DA:83,2
DA:84,0
DA:86,0
DA:92,2
DA:93,0
DA:102,2
DA:103,0
LF:29
LH:19
BRDA:21,0,0,1
BRDA:21,0,1,0
BRDA:21,1,0,1
BRDA:21,1,1,0
BRDA:70,2,0,1
BRDA:70,2,1,0
BRDA:70,3,0,1
BRDA:70,3,1,1
BRF:8
BRH:5
end_of_record
TN:
SF:models\retrospective.model.js
FN:4,(anonymous_0)
FN:8,(anonymous_1)
FN:16,(anonymous_2)
FN:20,(anonymous_3)
FN:32,(anonymous_4)
FN:36,(anonymous_5)
FN:44,(anonymous_6)
FN:48,(anonymous_7)
FN:52,(anonymous_8)
FN:56,(anonymous_9)
FNF:10
FNH:1
FNDA:1,(anonymous_0)
FNDA:0,(anonymous_1)
FNDA:0,(anonymous_2)
FNDA:0,(anonymous_3)
FNDA:0,(anonymous_4)
FNDA:0,(anonymous_5)
FNDA:0,(anonymous_6)
FNDA:0,(anonymous_7)
FNDA:0,(anonymous_8)
FNDA:0,(anonymous_9)
DA:1,1
DA:4,1
DA:5,1
DA:8,1
DA:9,0
DA:10,0
DA:16,1
DA:17,0
DA:20,1
DA:21,0
DA:32,1
DA:33,0
DA:36,1
DA:37,0
DA:38,0
DA:44,1
DA:45,0
DA:48,1
DA:49,0
DA:52,1
DA:53,0
DA:56,1
DA:57,0
LF:23
LH:12
BRDA:12,0,0,0
BRDA:12,0,1,0
BRDA:40,1,0,0
BRDA:40,1,1,0
BRF:4
BRH:0
end_of_record
TN:
SF:models\sprint.model.js
FN:13,(anonymous_0)
FN:23,(anonymous_1)
FN:27,(anonymous_2)
FN:35,(anonymous_3)
FN:44,(anonymous_4)
FN:49,(anonymous_5)
FN:50,(anonymous_6)
FN:65,(anonymous_7)
FN:71,(anonymous_8)
FNF:9
FNH:1
FNDA:1,(anonymous_0)
FNDA:0,(anonymous_1)
FNDA:0,(anonymous_2)
FNDA:0,(anonymous_3)
FNDA:0,(anonymous_4)
FNDA:0,(anonymous_5)
FNDA:0,(anonymous_6)
FNDA:0,(anonymous_7)
FNDA:0,(anonymous_8)
DA:1,1
DA:3,1
DA:13,1
DA:14,1
DA:23,1
DA:24,0
DA:27,1
DA:28,0
DA:29,0
DA:35,1
DA:36,0
DA:37,0
DA:44,1
DA:45,0
DA:46,0
DA:48,0
DA:49,0
DA:51,0
DA:52,0
DA:55,0
DA:57,0
DA:59,0
DA:65,1
DA:66,0
DA:67,0
DA:68,0
DA:71,1
DA:72,0
LF:28
LH:10
BRDA:31,0,0,0
BRDA:31,0,1,0
BRDA:31,1,0,0
BRDA:31,1,1,0
BRDA:31,2,0,0
BRDA:31,2,1,0
BRDA:49,3,0,0
BRDA:49,3,1,0
BRDA:55,4,0,0
BRDA:55,4,1,0
BRDA:67,5,0,0
BRDA:67,5,1,0
BRF:12
BRH:0
end_of_record
TN:
SF:models\user.model.js
FN:4,(anonymous_0)
FN:8,(anonymous_1)
FNF:2
FNH:2
FNDA:1,(anonymous_0)
FNDA:1,(anonymous_1)
DA:1,2
DA:2,2
DA:4,2
DA:5,1
DA:8,2
DA:9,1
DA:10,1
DA:11,1
DA:14,0
DA:15,0
DA:19,0
LF:11
LH:8
BRDA:10,0,0,1
BRDA:10,0,1,0
BRDA:10,1,0,1
BRDA:10,1,1,0
BRDA:14,2,0,0
BRDA:14,2,1,0
BRDA:15,3,0,0
BRDA:15,3,1,0
BRF:8
BRH:2
end_of_record
TN:
SF:models\utils.js
FN:4,(anonymous_0)
FN:13,(anonymous_1)
FN:31,(anonymous_2)
FNF:3
FNH:3
FNDA:1,(anonymous_0)
FNDA:2,(anonymous_1)
FNDA:1,(anonymous_2)
DA:1,2
DA:4,2
DA:5,1
DA:6,1
DA:13,2
DA:14,2
DA:15,1
DA:21,1
DA:22,1
DA:28,0
DA:31,2
DA:32,1
DA:39,2
LF:13
LH:12
BRDA:5,0,0,1
BRDA:5,0,1,0
BRDA:14,1,0,1
BRDA:14,1,1,1
BRDA:21,2,0,1
BRDA:21,2,1,0
BRF:6
BRH:4
end_of_record
